"../../../Engine/Content/EditorResources/S_Actor.ubulk" 0
"../../../Engine/Content/EditorResources/S_Actor.uasset" 1
"../../../Engine/Content/EditorResources/S_Actor.uexp" 2
"../../../Engine/Content/EditorResources/S_BoxReflectionCapture.uasset" 3
"../../../Engine/Content/EditorResources/S_BoxReflectionCapture.uexp" 4
"../../../Engine/Content/EngineResources/DefaultTexture.ubulk" 5
"../../../Engine/Content/EngineResources/DefaultTexture.uasset" 6
"../../../Engine/Content/EngineResources/DefaultTexture.uexp" 7
"../../../Engine/Content/EngineResources/DefaultTextureCube.uasset" 8
"../../../Engine/Content/EngineResources/DefaultTextureCube.uexp" 9
"../../../Engine/Content/EngineResources/DefaultVolumeTexture2D.uasset" 10
"../../../Engine/Content/EngineResources/DefaultVolumeTexture2D.uexp" 11
"../../../Engine/Content/EngineResources/DefaultVolumeTexture.uasset" 12
"../../../Engine/Content/EngineResources/DefaultVolumeTexture.uexp" 13
"../../../Engine/Content/EditorResources/S_Trigger.ubulk" 14
"../../../Engine/Content/EditorResources/S_Trigger.uasset" 15
"../../../Engine/Content/EditorResources/S_Trigger.uexp" 16
"../../../Engine/Content/EditorResources/S_TriggerBox.uasset" 17
"../../../Engine/Content/EditorResources/S_TriggerBox.uexp" 18
"../../../Engine/Content/EditorResources/S_TriggerCapsule.uasset" 19
"../../../Engine/Content/EditorResources/S_TriggerCapsule.uexp" 20
"../../../Engine/Content/EditorResources/S_TriggerSphere.uasset" 21
"../../../Engine/Content/EditorResources/S_TriggerSphere.uexp" 22
"../../../Engine/Content/EngineMeshes/Sphere.ubulk" 23
"../../../Engine/Content/EngineMeshes/Sphere.uasset" 24
"../../../Engine/Content/EngineMeshes/Sphere.uexp" 25
"../../../Engine/Content/EngineResources/GradientTexture0.uasset" 26
"../../../Engine/Content/EngineResources/GradientTexture0.uexp" 27
"../../../Engine/Content/EngineResources/Black.uasset" 28
"../../../Engine/Content/EngineResources/Black.uexp" 29
"../../../Engine/Content/VREditor/LaserPointer/VR_LaserPower_01.ubulk" 30
"../../../Engine/Content/VREditor/LaserPointer/VR_LaserPower_01.uasset" 31
"../../../Engine/Content/VREditor/LaserPointer/VR_LaserPower_01.uexp" 32
"../../../Engine/Content/VREditor/TransformGizmo/TransformGizmoMaterial.uasset" 33
"../../../Engine/Content/VREditor/TransformGizmo/TransformGizmoMaterial.uexp" 34
"../../../Engine/Content/VREditor/TransformGizmo/TranslucentTransformGizmoMaterial.uasset" 35
"../../../Engine/Content/VREditor/TransformGizmo/TranslucentTransformGizmoMaterial.uexp" 36
"../../../Engine/Content/VREditor/TransformGizmo/PlaneTranslationHandle.ubulk" 37
"../../../Engine/Content/VREditor/TransformGizmo/PlaneTranslationHandle.uasset" 38
"../../../Engine/Content/VREditor/TransformGizmo/PlaneTranslationHandle.uexp" 39
"../../../Engine/Content/VREditor/TransformGizmo/BoundingBoxCorner.ubulk" 40
"../../../Engine/Content/VREditor/TransformGizmo/BoundingBoxCorner.uasset" 41
"../../../Engine/Content/VREditor/TransformGizmo/BoundingBoxCorner.uexp" 42
"../../../Engine/Content/VREditor/TransformGizmo/BoundingBoxEdge.ubulk" 43
"../../../Engine/Content/VREditor/TransformGizmo/BoundingBoxEdge.uasset" 44
"../../../Engine/Content/VREditor/TransformGizmo/BoundingBoxEdge.uexp" 45
"../../../Engine/Content/VREditor/TransformGizmo/Main.uasset" 46
"../../../Engine/Content/VREditor/TransformGizmo/Main.uexp" 47
"../../../Engine/Content/VREditor/TransformGizmo/Xray.uasset" 48
"../../../Engine/Content/VREditor/TransformGizmo/Xray.uexp" 49
"../../../Engine/Content/VREditor/TransformGizmo/SM_Sequencer_Node.ubulk" 50
"../../../Engine/Content/VREditor/TransformGizmo/SM_Sequencer_Node.uasset" 51
"../../../Engine/Content/VREditor/TransformGizmo/SM_Sequencer_Node.uexp" 52
"../../../Engine/Content/EditorMaterials/Camera/CineMat.uasset" 53
"../../../Engine/Content/EditorMaterials/Camera/CineMat.uexp" 54
"../../../Engine/Content/EditorMaterials/Camera/MI_CineMat_Rig.uasset" 55
"../../../Engine/Content/EditorMaterials/Camera/MI_CineMat_Rig.uexp" 56
"../../../Engine/Content/EditorMeshes/Camera/SM_CraneRig_Base.ubulk" 57
"../../../Engine/Content/EditorMeshes/Camera/SM_CraneRig_Base.uasset" 58
"../../../Engine/Content/EditorMeshes/Camera/SM_CraneRig_Base.uexp" 59
"../../../Engine/Content/EditorMeshes/Camera/SM_CraneRig_Arm.ubulk" 60
"../../../Engine/Content/EditorMeshes/Camera/SM_CraneRig_Arm.uasset" 61
"../../../Engine/Content/EditorMeshes/Camera/SM_CraneRig_Arm.uexp" 62
"../../../Engine/Content/EditorMeshes/Camera/SM_CraneRig_Mount.ubulk" 63
"../../../Engine/Content/EditorMeshes/Camera/SM_CraneRig_Mount.uasset" 64
"../../../Engine/Content/EditorMeshes/Camera/SM_CraneRig_Mount.uexp" 65
"../../../Engine/Content/EditorMeshes/Camera/SM_CraneRig_Body.ubulk" 66
"../../../Engine/Content/EditorMeshes/Camera/SM_CraneRig_Body.uasset" 67
"../../../Engine/Content/EditorMeshes/Camera/SM_CraneRig_Body.uexp" 68
"../../../Engine/Content/EditorMeshes/Camera/SM_RailRig_Track.ubulk" 69
"../../../Engine/Content/EditorMeshes/Camera/SM_RailRig_Track.uasset" 70
"../../../Engine/Content/EditorMeshes/Camera/SM_RailRig_Track.uexp" 71
"../../../Engine/Content/EditorMeshes/Camera/SM_RailRig_Mount.ubulk" 72
"../../../Engine/Content/EditorMeshes/Camera/SM_RailRig_Mount.uasset" 73
"../../../Engine/Content/EditorMeshes/Camera/SM_RailRig_Mount.uexp" 74
"../../../Engine/Content/EngineMaterials/T_Default_Material_Grid_M.ubulk" 75
"../../../Engine/Content/EngineMaterials/T_Default_Material_Grid_M.uasset" 76
"../../../Engine/Content/EngineMaterials/T_Default_Material_Grid_M.uexp" 77
"../../../Engine/Content/EngineMaterials/T_Default_Material_Grid_N.ubulk" 78
"../../../Engine/Content/EngineMaterials/T_Default_Material_Grid_N.uasset" 79
"../../../Engine/Content/EngineMaterials/T_Default_Material_Grid_N.uexp" 80
"../../../Engine/Content/Functions/Engine_MaterialFunctions01/Opacity/CameraDepthFade.uasset" 81
"../../../Engine/Content/Functions/Engine_MaterialFunctions01/Opacity/CameraDepthFade.uexp" 82
"../../../Engine/Content/EngineMaterials/WorldGridMaterial.uasset" 83
"../../../Engine/Content/EngineMaterials/WorldGridMaterial.uexp" 84
"../../../Engine/Content/ArtTools/RenderToTexture/Meshes/S_1_Unit_Plane.ubulk" 85
"../../../Engine/Content/ArtTools/RenderToTexture/Meshes/S_1_Unit_Plane.uasset" 86
"../../../Engine/Content/ArtTools/RenderToTexture/Meshes/S_1_Unit_Plane.uexp" 87
"../../../Engine/Content/EditorMaterials/ParticleSystems/PSysThumbnail_NoImage.ubulk" 88
"../../../Engine/Content/EditorMaterials/ParticleSystems/PSysThumbnail_NoImage.uasset" 89
"../../../Engine/Content/EditorMaterials/ParticleSystems/PSysThumbnail_NoImage.uexp" 90
"../../../Engine/Content/EditorMaterials/ParticleSystems/PSysThumbnail_OOD.ubulk" 91
"../../../Engine/Content/EditorMaterials/ParticleSystems/PSysThumbnail_OOD.uasset" 92
"../../../Engine/Content/EditorMaterials/ParticleSystems/PSysThumbnail_OOD.uexp" 93
"../../../Engine/Content/EditorLandscapeResources/SplineEditorMeshMat.uasset" 94
"../../../Engine/Content/EditorLandscapeResources/SplineEditorMeshMat.uexp" 95
"../../../Engine/Content/EditorLandscapeResources/SplineEditorMesh.ubulk" 96
"../../../Engine/Content/EditorLandscapeResources/SplineEditorMesh.uasset" 97
"../../../Engine/Content/EditorLandscapeResources/SplineEditorMesh.uexp" 98
"../../../Engine/Content/EditorMeshes/EditorSphere.ubulk" 99
"../../../Engine/Content/EditorMeshes/EditorSphere.uasset" 100
"../../../Engine/Content/EditorMeshes/EditorSphere.uexp" 101
"../../../Engine/Content/EditorResources/S_Solver.ubulk" 102
"../../../Engine/Content/EditorResources/S_Solver.uasset" 103
"../../../Engine/Content/EditorResources/S_Solver.uexp" 104
"../../../Engine/Plugins/Media/MediaPlate/Content/SM_MediaPlateScreen.ubulk" 105
"../../../Engine/Plugins/Media/MediaPlate/Content/SM_MediaPlateScreen.uasset" 106
"../../../Engine/Plugins/Media/MediaPlate/Content/SM_MediaPlateScreen.uexp" 107
"../../../Engine/Content/EngineMaterials/Good64x64TilingNoiseHighFreq.uasset" 108
"../../../Engine/Content/EngineMaterials/Good64x64TilingNoiseHighFreq.uexp" 109
"../../../Engine/Content/EngineMaterials/DefaultBokeh.uasset" 110
"../../../Engine/Content/EngineMaterials/DefaultBokeh.uexp" 111
"../../../Engine/Content/EngineMaterials/PreintegratedSkinBRDF.uasset" 112
"../../../Engine/Content/EngineMaterials/PreintegratedSkinBRDF.uexp" 113
"../../../Engine/Content/EngineMaterials/MiniFont.uasset" 114
"../../../Engine/Content/EngineMaterials/MiniFont.uexp" 115
"../../../Engine/Content/EngineMaterials/WeightMapPlaceholderTexture.uasset" 116
"../../../Engine/Content/EngineMaterials/WeightMapPlaceholderTexture.uexp" 117
"../../../Engine/Content/EngineMaterials/DefaultWhiteGrid.ubulk" 118
"../../../Engine/Content/EngineMaterials/DefaultWhiteGrid.uasset" 119
"../../../Engine/Content/EngineMaterials/DefaultWhiteGrid.uexp" 120
"../../../Engine/Content/Animation/DefaultRecorderBoneCompression.uasset" 121
"../../../Engine/Content/Animation/DefaultRecorderBoneCompression.uexp" 122
"../../../Engine/Content/Animation/DefaultAnimCurveCompressionSettings.uasset" 123
"../../../Engine/Content/Animation/DefaultAnimCurveCompressionSettings.uexp" 124
"../../../Engine/Content/Animation/DefaultAnimBoneCompressionSettings.uasset" 125
"../../../Engine/Content/Animation/DefaultAnimBoneCompressionSettings.uexp" 126
"../../../Engine/Content/EngineMaterials/DefaultMaterial.uasset" 127
"../../../Engine/Content/EngineMaterials/DefaultMaterial.uexp" 128
"../../../Engine/Content/BasicShapes/Sphere.ubulk" 129
"../../../Engine/Content/BasicShapes/Sphere.uasset" 130
"../../../Engine/Content/BasicShapes/Sphere.uexp" 131
"../../../Engine/Content/BasicShapes/Cylinder.ubulk" 132
"../../../Engine/Content/BasicShapes/Cylinder.uasset" 133
"../../../Engine/Content/BasicShapes/Cylinder.uexp" 134
"../../../Engine/Content/BasicShapes/Cube.ubulk" 135
"../../../Engine/Content/BasicShapes/Cube.uasset" 136
"../../../Engine/Content/BasicShapes/Cube.uexp" 137
"../../../Engine/Content/BasicShapes/Cone.ubulk" 138
"../../../Engine/Content/BasicShapes/Cone.uasset" 139
"../../../Engine/Content/BasicShapes/Cone.uexp" 140
"../../../Engine/Content/EditorLandscapeResources/DefaultAlphaTexture.uasset" 141
"../../../Engine/Content/EditorLandscapeResources/DefaultAlphaTexture.uexp" 142
"../../../Engine/Content/EditorLandscapeResources/DataLayer.uasset" 143
"../../../Engine/Content/EditorLandscapeResources/DataLayer.uexp" 144
"../../../Engine/Content/EditorMaterials/PreviewShadowIndicator.ubulk" 145
"../../../Engine/Content/EditorMaterials/PreviewShadowIndicator.uasset" 146
"../../../Engine/Content/EditorMaterials/PreviewShadowIndicator.uexp" 147
"../../../Engine/Content/EditorMaterials/PreviewShadowIndicatorMaterial.uasset" 148
"../../../Engine/Content/EditorMaterials/PreviewShadowIndicatorMaterial.uexp" 149
"../../../Engine/Content/EditorMaterials/PhAT_UnselectedMaterial.uasset" 150
"../../../Engine/Content/EditorMaterials/PhAT_UnselectedMaterial.uexp" 151
"../../../Engine/Content/EditorMaterials/PhAT_NoCollisionMaterial.uasset" 152
"../../../Engine/Content/EditorMaterials/PhAT_NoCollisionMaterial.uexp" 153
"../../../Engine/Content/Functions/Engine_MaterialFunctions02/Utility/MakeFloat4.uasset" 154
"../../../Engine/Content/Functions/Engine_MaterialFunctions02/Utility/MakeFloat4.uexp" 155
"../../../Engine/Content/Functions/Engine_MaterialFunctions02/Utility/MakeFloat3.uasset" 156
"../../../Engine/Content/Functions/Engine_MaterialFunctions02/Utility/MakeFloat3.uexp" 157
"../../../Engine/Content/Functions/Engine_MaterialFunctions02/Utility/BreakOutFloat3Components.uasset" 158
"../../../Engine/Content/Functions/Engine_MaterialFunctions02/Utility/BreakOutFloat3Components.uexp" 159
"../../../Engine/Content/EditorMaterials/WorldPartition/WorldPartitionSpatialHashGridPreviewMaterial.uasset" 160
"../../../Engine/Content/EditorMaterials/WorldPartition/WorldPartitionSpatialHashGridPreviewMaterial.uexp" 161
"../../../Engine/Content/EditorResources/S_Terrain.ubulk" 162
"../../../Engine/Content/EditorResources/S_Terrain.uasset" 163
"../../../Engine/Content/EditorResources/S_Terrain.uexp" 164
"../../../Engine/Content/EditorResources/EmptyActor.uasset" 165
"../../../Engine/Content/EditorResources/EmptyActor.uexp" 166
"../../../Engine/Content/EditorResources/BSPVertex.uasset" 167
"../../../Engine/Content/EditorResources/BSPVertex.uexp" 168
"../../../Engine/Content/EditorResources/SequenceRecorder/RecordingIndicator.uasset" 169
"../../../Engine/Content/EditorResources/SequenceRecorder/RecordingIndicator.uexp" 170
"../../../Engine/Content/EditorResources/SequenceRecorder/Countdown.uasset" 171
"../../../Engine/Content/EditorResources/SequenceRecorder/Countdown.uexp" 172
"../../../Engine/Content/EngineDamageTypes/DmgTypeBP_Environmental.uasset" 173
"../../../Engine/Content/EngineDamageTypes/DmgTypeBP_Environmental.uexp" 174
"../../../Engine/Content/Functions/Engine_MaterialFunctions02/Utility/CameraDirectionVector.uasset" 175
"../../../Engine/Content/Functions/Engine_MaterialFunctions02/Utility/CameraDirectionVector.uexp" 176
"../../../Engine/Content/EngineDebugMaterials/VolumeToRender.uasset" 177
"../../../Engine/Content/EngineDebugMaterials/VolumeToRender.uexp" 178
"../../../Engine/Content/EngineDebugMaterials/M_VolumeRenderSphereTracePP.uasset" 179
"../../../Engine/Content/EngineDebugMaterials/M_VolumeRenderSphereTracePP.uexp" 180
"../../../Engine/Content/EngineDebugMaterials/M_SimpleUnlitTranslucent.uasset" 181
"../../../Engine/Content/EngineDebugMaterials/M_SimpleUnlitTranslucent.uexp" 182
"../../../Engine/Content/EngineDebugMaterials/DebugMeshMaterial.uasset" 183
"../../../Engine/Content/EngineDebugMaterials/DebugMeshMaterial.uexp" 184
"../../../Engine/Content/EngineDebugMaterials/DebugEditorMaterial.uasset" 185
"../../../Engine/Content/EngineDebugMaterials/DebugEditorMaterial.uexp" 186
"../../../Engine/Content/EngineFonts/Faces/RobotoLight.uexp" 187
"../../../Engine/Content/EngineFonts/Faces/RobotoLight.uasset" 188
"../../../Engine/Content/EngineFonts/Faces/RobotoLight.ufont" 189
"../../../Engine/Content/EngineFonts/Faces/RobotoBold.uexp" 190
"../../../Engine/Content/EngineFonts/Faces/RobotoBold.uasset" 191
"../../../Engine/Content/EngineFonts/Faces/RobotoBold.ufont" 192
"../../../Engine/Content/EngineFonts/Faces/RobotoRegular.uexp" 193
"../../../Engine/Content/EngineFonts/Faces/RobotoRegular.uasset" 194
"../../../Engine/Content/EngineFonts/Faces/RobotoRegular.ufont" 195
"../../../Engine/Content/EngineFonts/Faces/DroidSansFallback.uexp" 196
"../../../Engine/Content/EngineFonts/Faces/DroidSansFallback.uasset" 197
"../../../Engine/Content/EngineFonts/Faces/DroidSansFallback.ufont" 198
"../../../Engine/Content/EngineFonts/Faces/RobotoItalic.uexp" 199
"../../../Engine/Content/EngineFonts/Faces/RobotoItalic.uasset" 200
"../../../Engine/Content/EngineFonts/Faces/RobotoItalic.ufont" 201
"../../../Engine/Content/EngineFonts/Faces/RobotoBoldItalic.uexp" 202
"../../../Engine/Content/EngineFonts/Faces/RobotoBoldItalic.uasset" 203
"../../../Engine/Content/EngineFonts/Faces/RobotoBoldItalic.ufont" 204
"../../../Engine/Content/EngineFonts/Roboto.uasset" 205
"../../../Engine/Content/EngineFonts/Roboto.uexp" 206
"../../../Engine/Content/EngineResources/WhiteSquareTexture.uasset" 207
"../../../Engine/Content/EngineResources/WhiteSquareTexture.uexp" 208
"../../../Engine/Content/EngineMaterials/Widget3DPassThrough.uasset" 209
"../../../Engine/Content/EngineMaterials/Widget3DPassThrough.uexp" 210
"../../../Engine/Content/EngineMaterials/Widget3DPassThrough_Translucent.uasset" 211
"../../../Engine/Content/EngineMaterials/Widget3DPassThrough_Translucent.uexp" 212
"../../../Engine/Content/EngineMaterials/Widget3DPassThrough_Translucent_OneSided.uasset" 213
"../../../Engine/Content/EngineMaterials/Widget3DPassThrough_Translucent_OneSided.uexp" 214
"../../../Engine/Content/EngineMaterials/Widget3DPassThrough_Opaque.uasset" 215
"../../../Engine/Content/EngineMaterials/Widget3DPassThrough_Opaque.uexp" 216
"../../../Engine/Content/EngineMaterials/Widget3DPassThrough_Opaque_OneSided.uasset" 217
"../../../Engine/Content/EngineMaterials/Widget3DPassThrough_Opaque_OneSided.uexp" 218
"../../../Engine/Content/EngineMaterials/Widget3DPassThrough_Masked_OneSided.uasset" 219
"../../../Engine/Content/EngineMaterials/Widget3DPassThrough_Masked_OneSided.uexp" 220
"../../../Engine/Content/EngineMaterials/Widget3DPassThrough_Masked.uasset" 221
"../../../Engine/Content/EngineMaterials/Widget3DPassThrough_Masked.uexp" 222
"../../../Engine/Content/EngineMaterials/STBlueNoise_vec2_128x128x64.uasset" 223
"../../../Engine/Content/EngineMaterials/STBlueNoise_vec2_128x128x64.uexp" 224
"../../../Engine/Content/EngineMaterials/STBlueNoise_scalar_128x128x64.uasset" 225
"../../../Engine/Content/EngineMaterials/STBlueNoise_scalar_128x128x64.uexp" 226
"../../../Engine/Content/EngineMaterials/RemoveSurfaceMaterial.uasset" 227
"../../../Engine/Content/EngineMaterials/RemoveSurfaceMaterial.uexp" 228
"../../../Engine/Content/EngineMaterials/DefaultCalibrationGrayscale.uasset" 229
"../../../Engine/Content/EngineMaterials/DefaultCalibrationGrayscale.uexp" 230
"../../../Engine/Content/EngineMaterials/PPM_DefaultCalibrationGrayscale.uasset" 231
"../../../Engine/Content/EngineMaterials/PPM_DefaultCalibrationGrayscale.uexp" 232
"../../../Engine/Content/EngineMaterials/DefaultCalibrationColor.uasset" 233
"../../../Engine/Content/EngineMaterials/DefaultCalibrationColor.uexp" 234
"../../../Engine/Content/EngineMaterials/PPM_DefaultCalibrationColor.uasset" 235
"../../../Engine/Content/EngineMaterials/PPM_DefaultCalibrationColor.uexp" 236
"../../../Engine/Content/Functions/Engine_MaterialFunctions02/WorldPositionOffset/CameraOffset.uasset" 237
"../../../Engine/Content/Functions/Engine_MaterialFunctions02/WorldPositionOffset/CameraOffset.uexp" 238
"../../../Engine/Content/EngineMaterials/PhAT_JointLimitMaterial.uasset" 239
"../../../Engine/Content/EngineMaterials/PhAT_JointLimitMaterial.uexp" 240
"../../../Engine/Content/EngineMaterials/InvalidLightmapSettings.ubulk" 241
"../../../Engine/Content/EngineMaterials/InvalidLightmapSettings.uasset" 242
"../../../Engine/Content/EngineMaterials/InvalidLightmapSettings.uexp" 243
"../../../Engine/Content/EngineMaterials/M_InvalidLightmapSettings.uasset" 244
"../../../Engine/Content/EngineMaterials/M_InvalidLightmapSettings.uexp" 245
"../../../Engine/Content/EngineMaterials/GizmoMaterial.uasset" 246
"../../../Engine/Content/EngineMaterials/GizmoMaterial.uexp" 247
"../../../Engine/Content/EngineMaterials/BaseFlattenEmissiveMap_VT.uasset" 248
"../../../Engine/Content/EngineMaterials/BaseFlattenEmissiveMap_VT.uexp" 249
"../../../Engine/Content/EngineMaterials/BaseFlattenGrayscaleMap_VT.uasset" 250
"../../../Engine/Content/EngineMaterials/BaseFlattenGrayscaleMap_VT.uexp" 251
"../../../Engine/Content/EngineMaterials/BaseFlattenLinearColor_VT.uasset" 252
"../../../Engine/Content/EngineMaterials/BaseFlattenLinearColor_VT.uexp" 253
"../../../Engine/Content/EngineMaterials/Black_1x1_EXR_Texture_VT.uasset" 254
"../../../Engine/Content/EngineMaterials/Black_1x1_EXR_Texture_VT.uexp" 255
"../../../Engine/Content/EngineMaterials/BaseFlattenDiffuseMap_VT.uasset" 256
"../../../Engine/Content/EngineMaterials/BaseFlattenDiffuseMap_VT.uexp" 257
"../../../Engine/Content/EngineMaterials/BaseFlattenNormalMap_VT.uasset" 258
"../../../Engine/Content/EngineMaterials/BaseFlattenNormalMap_VT.uexp" 259
"../../../Engine/Content/EngineMaterials/FlattenMaterial_WS_Normal_VT.uasset" 260
"../../../Engine/Content/EngineMaterials/FlattenMaterial_WS_Normal_VT.uexp" 261
"../../../Engine/Content/EngineMaterials/FlattenMaterial_VT.uasset" 262
"../../../Engine/Content/EngineMaterials/FlattenMaterial_VT.uexp" 263
"../../../Engine/Content/EngineMaterials/BaseFlattenNormalMap.uasset" 264
"../../../Engine/Content/EngineMaterials/BaseFlattenNormalMap.uexp" 265
"../../../Engine/Content/EngineMaterials/BaseFlattenGrayscaleMap.uasset" 266
"../../../Engine/Content/EngineMaterials/BaseFlattenGrayscaleMap.uexp" 267
"../../../Engine/Content/EngineMaterials/BaseFlattenDiffuseMap.uasset" 268
"../../../Engine/Content/EngineMaterials/BaseFlattenDiffuseMap.uexp" 269
"../../../Engine/Content/Functions/Engine_MaterialFunctions02/PivotPainter2/Black_1x1_EXR_Texture.uasset" 270
"../../../Engine/Content/Functions/Engine_MaterialFunctions02/PivotPainter2/Black_1x1_EXR_Texture.uexp" 271
"../../../Engine/Content/EngineMaterials/BaseFlattenEmissiveMap.uasset" 272
"../../../Engine/Content/EngineMaterials/BaseFlattenEmissiveMap.uexp" 273
"../../../Engine/Content/EngineMaterials/BaseFlattenLinearColor.uasset" 274
"../../../Engine/Content/EngineMaterials/BaseFlattenLinearColor.uexp" 275
"../../../Engine/Content/EngineMaterials/FlattenMaterial.uasset" 276
"../../../Engine/Content/EngineMaterials/FlattenMaterial.uexp" 277
"../../../Engine/Content/EngineMaterials/DefaultWhiteGrid_Low.uasset" 278
"../../../Engine/Content/EngineMaterials/DefaultWhiteGrid_Low.uexp" 279
"../../../Engine/Content/EngineMaterials/EmissiveMeshMaterial.uasset" 280
"../../../Engine/Content/EngineMaterials/EmissiveMeshMaterial.uexp" 281
"../../../Engine/Content/EngineFonts/RobotoDistanceField.uasset" 282
"../../../Engine/Content/EngineFonts/RobotoDistanceField.uexp" 283
"../../../Engine/Content/EngineMaterials/DefaultTextMaterialOpaque.uasset" 284
"../../../Engine/Content/EngineMaterials/DefaultTextMaterialOpaque.uexp" 285
"../../../Engine/Content/EngineMaterials/DefaultDiffuse.ubulk" 286
"../../../Engine/Content/EngineMaterials/DefaultDiffuse.uasset" 287
"../../../Engine/Content/EngineMaterials/DefaultDiffuse.uexp" 288
"../../../Engine/Content/Functions/Engine_MaterialFunctions02/Utility/BreakOutFloat2Components.uasset" 289
"../../../Engine/Content/Functions/Engine_MaterialFunctions02/Utility/BreakOutFloat2Components.uexp" 290
"../../../Engine/Content/EngineMaterials/DefaultPostProcessMaterial.uasset" 291
"../../../Engine/Content/EngineMaterials/DefaultPostProcessMaterial.uexp" 292
"../../../Engine/Content/EngineMaterials/DefaultPhysicalMaterial.uasset" 293
"../../../Engine/Content/EngineMaterials/DefaultPhysicalMaterial.uexp" 294
"../../../Engine/Content/EngineMaterials/DefaultLightFunctionMaterial.uasset" 295
"../../../Engine/Content/EngineMaterials/DefaultLightFunctionMaterial.uexp" 296
"../../../Engine/Content/EngineMaterials/DefaultDestructiblePhysicalMaterial.uasset" 297
"../../../Engine/Content/EngineMaterials/DefaultDestructiblePhysicalMaterial.uexp" 298
"../../../Engine/Content/EngineMaterials/DefaultDeferredDecalMaterial.uasset" 299
"../../../Engine/Content/EngineMaterials/DefaultDeferredDecalMaterial.uexp" 300
"../../../Engine/Content/EngineMaterials/DefaultBloomKernel.uasset" 301
"../../../Engine/Content/EngineMaterials/DefaultBloomKernel.uexp" 302
"../../../Engine/Content/EngineResources/FilmGrains/Marcie_Grain_v3_128_M2_000.uasset" 303
"../../../Engine/Content/EngineResources/FilmGrains/Marcie_Grain_v3_128_M2_000.uexp" 304
"../../../Engine/Content/EngineSky/VolumetricClouds/CloudWeatherTexture.uasset" 305
"../../../Engine/Content/EngineSky/VolumetricClouds/CloudWeatherTexture.uexp" 306
"../../../Engine/Content/Functions/Engine_MaterialFunctions02/Utility/MakeFloat2.uasset" 307
"../../../Engine/Content/Functions/Engine_MaterialFunctions02/Utility/MakeFloat2.uexp" 308
"../../../Engine/Content/EngineSky/VolumetricClouds/CloudGradientTexture.uasset" 309
"../../../Engine/Content/EngineSky/VolumetricClouds/CloudGradientTexture.uexp" 310
"../../../Engine/Content/EngineSky/VolumetricClouds/T_NoiseShape64.ubulk" 311
"../../../Engine/Content/EngineSky/VolumetricClouds/T_NoiseShape64.uasset" 312
"../../../Engine/Content/EngineSky/VolumetricClouds/T_NoiseShape64.uexp" 313
"../../../Engine/Content/EngineSky/VolumetricClouds/T_VolumeNoiseShape64.uasset" 314
"../../../Engine/Content/EngineSky/VolumetricClouds/T_VolumeNoiseShape64.uexp" 315
"../../../Engine/Content/EngineSky/VolumetricClouds/T_NoiseErosion.ubulk" 316
"../../../Engine/Content/EngineSky/VolumetricClouds/T_NoiseErosion.uasset" 317
"../../../Engine/Content/EngineSky/VolumetricClouds/T_NoiseErosion.uexp" 318
"../../../Engine/Content/EngineSky/VolumetricClouds/T_VolumeNoiseErosion32.uasset" 319
"../../../Engine/Content/EngineSky/VolumetricClouds/T_VolumeNoiseErosion32.uexp" 320
"../../../Engine/Content/EngineSky/VolumetricClouds/m_SimpleVolumetricCloud.uasset" 321
"../../../Engine/Content/EngineSky/VolumetricClouds/m_SimpleVolumetricCloud.uexp" 322
"../../../Engine/Content/EngineSky/VolumetricClouds/m_SimpleVolumetricCloud_Inst.uasset" 323
"../../../Engine/Content/EngineSky/VolumetricClouds/m_SimpleVolumetricCloud_Inst.uexp" 324
"../../../Engine/Content/EngineSounds/Master.uasset" 325
"../../../Engine/Content/EngineSounds/Master.uexp" 326
"../../../Engine/Content/Functions/Engine_MaterialFunctions01/Shading/PowerToRoughness.uasset" 327
"../../../Engine/Content/Functions/Engine_MaterialFunctions01/Shading/PowerToRoughness.uexp" 328
"../../../Engine/Content/MobileResources/HUD/VirtualJoystick_Background.uasset" 329
"../../../Engine/Content/MobileResources/HUD/VirtualJoystick_Background.uexp" 330
"../../../Engine/Content/MobileResources/HUD/VirtualJoystick_Thumb.uasset" 331
"../../../Engine/Content/MobileResources/HUD/VirtualJoystick_Thumb.uexp" 332
"../../../Engine/Content/MobileResources/HUD/DefaultVirtualJoysticks.uasset" 333
"../../../Engine/Content/MobileResources/HUD/DefaultVirtualJoysticks.uexp" 334
"../../../Engine/Plugins/2D/Paper2D/Content/PlaceholderTextures/DummySpriteTexture.ubulk" 335
"../../../Engine/Plugins/2D/Paper2D/Content/PlaceholderTextures/DummySpriteTexture.uasset" 336
"../../../Engine/Plugins/2D/Paper2D/Content/PlaceholderTextures/DummySpriteTexture.uexp" 337
"../../../Engine/Plugins/2D/Paper2D/Content/DefaultSpriteMaterial.uasset" 338
"../../../Engine/Plugins/2D/Paper2D/Content/DefaultSpriteMaterial.uexp" 339
"../../../Engine/Plugins/2D/Paper2D/Content/OpaqueUnlitSpriteMaterial.uasset" 340
"../../../Engine/Plugins/2D/Paper2D/Content/OpaqueUnlitSpriteMaterial.uexp" 341
"../../../Engine/Plugins/2D/Paper2D/Content/MaskedUnlitSpriteMaterial.uasset" 342
"../../../Engine/Plugins/2D/Paper2D/Content/MaskedUnlitSpriteMaterial.uexp" 343
"../../../Engine/Plugins/2D/Paper2D/Content/DummySprite.uasset" 344
"../../../Engine/Plugins/2D/Paper2D/Content/DummySprite.uexp" 345
"../../../Engine/Plugins/2D/Paper2D/Content/DefaultPaperTerrainMaterial.uasset" 346
"../../../Engine/Plugins/2D/Paper2D/Content/DefaultPaperTerrainMaterial.uexp" 347
"../../../Engine/Plugins/Animation/ControlRig/Content/M_Manip.uasset" 348
"../../../Engine/Plugins/Animation/ControlRig/Content/M_Manip.uexp" 349
"../../../Engine/Plugins/Animation/ControlRig/Content/Controls/DefaultGizmoLibraryNormalized.uasset" 350
"../../../Engine/Plugins/Animation/ControlRig/Content/Controls/DefaultGizmoLibraryNormalized.uexp" 351
"../../../Engine/Plugins/Animation/ControlRig/Content/Controls/ControlRig_Wedge_solid.ubulk" 352
"../../../Engine/Plugins/Animation/ControlRig/Content/Controls/ControlRig_Wedge_solid.uasset" 353
"../../../Engine/Plugins/Animation/ControlRig/Content/Controls/ControlRig_Wedge_solid.uexp" 354
"../../../Engine/Plugins/Animation/ControlRig/Content/Controls/ControlRig_Wedge_3mm.ubulk" 355
"../../../Engine/Plugins/Animation/ControlRig/Content/Controls/ControlRig_Wedge_3mm.uasset" 356
"../../../Engine/Plugins/Animation/ControlRig/Content/Controls/ControlRig_Wedge_3mm.uexp" 357
"../../../Engine/Plugins/Animation/ControlRig/Content/Controls/ControlRig_Wedge_1mm.ubulk" 358
"../../../Engine/Plugins/Animation/ControlRig/Content/Controls/ControlRig_Wedge_1mm.uasset" 359
"../../../Engine/Plugins/Animation/ControlRig/Content/Controls/ControlRig_Wedge_1mm.uexp" 360
"../../../Engine/Plugins/Animation/ControlRig/Content/Controls/ControlRig_Triangle_solid.ubulk" 361
"../../../Engine/Plugins/Animation/ControlRig/Content/Controls/ControlRig_Triangle_solid.uasset" 362
"../../../Engine/Plugins/Animation/ControlRig/Content/Controls/ControlRig_Triangle_solid.uexp" 363
"../../../Engine/Plugins/Animation/ControlRig/Content/Controls/ControlRig_Triangle_3mm.ubulk" 364
"../../../Engine/Plugins/Animation/ControlRig/Content/Controls/ControlRig_Triangle_3mm.uasset" 365
"../../../Engine/Plugins/Animation/ControlRig/Content/Controls/ControlRig_Triangle_3mm.uexp" 366
"../../../Engine/Plugins/Animation/ControlRig/Content/Controls/ControlRig_Triangle_1mm.ubulk" 367
"../../../Engine/Plugins/Animation/ControlRig/Content/Controls/ControlRig_Triangle_1mm.uasset" 368
"../../../Engine/Plugins/Animation/ControlRig/Content/Controls/ControlRig_Triangle_1mm.uexp" 369
"../../../Engine/Plugins/Animation/ControlRig/Content/Controls/ControlRig_Star4_solid.ubulk" 370
"../../../Engine/Plugins/Animation/ControlRig/Content/Controls/ControlRig_Star4_solid.uasset" 371
"../../../Engine/Plugins/Animation/ControlRig/Content/Controls/ControlRig_Star4_solid.uexp" 372
"../../../Engine/Plugins/Animation/ControlRig/Content/Controls/ControlRig_Star4_3mm.ubulk" 373
"../../../Engine/Plugins/Animation/ControlRig/Content/Controls/ControlRig_Star4_3mm.uasset" 374
"../../../Engine/Plugins/Animation/ControlRig/Content/Controls/ControlRig_Star4_3mm.uexp" 375
"../../../Engine/Plugins/Animation/ControlRig/Content/Controls/ControlRig_Star4_1mm.ubulk" 376
"../../../Engine/Plugins/Animation/ControlRig/Content/Controls/ControlRig_Star4_1mm.uasset" 377
"../../../Engine/Plugins/Animation/ControlRig/Content/Controls/ControlRig_Star4_1mm.uexp" 378
"../../../Engine/Plugins/Animation/ControlRig/Content/Controls/ControlRig_Square_solid.ubulk" 379
"../../../Engine/Plugins/Animation/ControlRig/Content/Controls/ControlRig_Square_solid.uasset" 380
"../../../Engine/Plugins/Animation/ControlRig/Content/Controls/ControlRig_Square_solid.uexp" 381
"../../../Engine/Plugins/Animation/ControlRig/Content/Controls/ControlRig_Square_3mm.ubulk" 382
"../../../Engine/Plugins/Animation/ControlRig/Content/Controls/ControlRig_Square_3mm.uasset" 383
"../../../Engine/Plugins/Animation/ControlRig/Content/Controls/ControlRig_Square_3mm.uexp" 384
"../../../Engine/Plugins/Animation/ControlRig/Content/Controls/ControlRig_Square_1mm.ubulk" 385
"../../../Engine/Plugins/Animation/ControlRig/Content/Controls/ControlRig_Square_1mm.uasset" 386
"../../../Engine/Plugins/Animation/ControlRig/Content/Controls/ControlRig_Square_1mm.uexp" 387
"../../../Engine/Plugins/Animation/ControlRig/Content/Controls/ControlRig_Sphere_solid.ubulk" 388
"../../../Engine/Plugins/Animation/ControlRig/Content/Controls/ControlRig_Sphere_solid.uasset" 389
"../../../Engine/Plugins/Animation/ControlRig/Content/Controls/ControlRig_Sphere_solid.uexp" 390
"../../../Engine/Plugins/Animation/ControlRig/Content/Controls/ControlRig_Sphere_3mm.ubulk" 391
"../../../Engine/Plugins/Animation/ControlRig/Content/Controls/ControlRig_Sphere_3mm.uasset" 392
"../../../Engine/Plugins/Animation/ControlRig/Content/Controls/ControlRig_Sphere_3mm.uexp" 393
"../../../Engine/Plugins/Animation/ControlRig/Content/Controls/ControlRig_Sphere_1mm.ubulk" 394
"../../../Engine/Plugins/Animation/ControlRig/Content/Controls/ControlRig_Sphere_1mm.uasset" 395
"../../../Engine/Plugins/Animation/ControlRig/Content/Controls/ControlRig_Sphere_1mm.uexp" 396
"../../../Engine/Plugins/Animation/ControlRig/Content/Controls/ControlRig_RoundedTriangle_solid.ubulk" 397
"../../../Engine/Plugins/Animation/ControlRig/Content/Controls/ControlRig_RoundedTriangle_solid.uasset" 398
"../../../Engine/Plugins/Animation/ControlRig/Content/Controls/ControlRig_RoundedTriangle_solid.uexp" 399
"../../../Engine/Plugins/Animation/ControlRig/Content/Controls/ControlRig_RoundedTriangle_3mm.ubulk" 400
"../../../Engine/Plugins/Animation/ControlRig/Content/Controls/ControlRig_RoundedTriangle_3mm.uasset" 401
"../../../Engine/Plugins/Animation/ControlRig/Content/Controls/ControlRig_RoundedTriangle_3mm.uexp" 402
"../../../Engine/Plugins/Animation/ControlRig/Content/Controls/ControlRig_RoundedTriangle_1mm.ubulk" 403
"../../../Engine/Plugins/Animation/ControlRig/Content/Controls/ControlRig_RoundedTriangle_1mm.uasset" 404
"../../../Engine/Plugins/Animation/ControlRig/Content/Controls/ControlRig_RoundedTriangle_1mm.uexp" 405
"../../../Engine/Plugins/Animation/ControlRig/Content/Controls/ControlRig_RoundedSquare_solid.ubulk" 406
"../../../Engine/Plugins/Animation/ControlRig/Content/Controls/ControlRig_RoundedSquare_solid.uasset" 407
"../../../Engine/Plugins/Animation/ControlRig/Content/Controls/ControlRig_RoundedSquare_solid.uexp" 408
"../../../Engine/Plugins/Animation/ControlRig/Content/Controls/ControlRig_RoundedSquare_3mm.ubulk" 409
"../../../Engine/Plugins/Animation/ControlRig/Content/Controls/ControlRig_RoundedSquare_3mm.uasset" 410
"../../../Engine/Plugins/Animation/ControlRig/Content/Controls/ControlRig_RoundedSquare_3mm.uexp" 411
"../../../Engine/Plugins/Animation/ControlRig/Content/Controls/ControlRig_RoundedSquare_1mm.ubulk" 412
"../../../Engine/Plugins/Animation/ControlRig/Content/Controls/ControlRig_RoundedSquare_1mm.uasset" 413
"../../../Engine/Plugins/Animation/ControlRig/Content/Controls/ControlRig_RoundedSquare_1mm.uexp" 414
"../../../Engine/Plugins/Animation/ControlRig/Content/Controls/ControlRig_QuarterCircle_solid.ubulk" 415
"../../../Engine/Plugins/Animation/ControlRig/Content/Controls/ControlRig_QuarterCircle_solid.uasset" 416
"../../../Engine/Plugins/Animation/ControlRig/Content/Controls/ControlRig_QuarterCircle_solid.uexp" 417
"../../../Engine/Plugins/Animation/ControlRig/Content/Controls/ControlRig_QuarterCircle_3mm.ubulk" 418
"../../../Engine/Plugins/Animation/ControlRig/Content/Controls/ControlRig_QuarterCircle_3mm.uasset" 419
"../../../Engine/Plugins/Animation/ControlRig/Content/Controls/ControlRig_QuarterCircle_3mm.uexp" 420
"../../../Engine/Plugins/Animation/ControlRig/Content/Controls/ControlRig_QuarterCircle_1mm.ubulk" 421
"../../../Engine/Plugins/Animation/ControlRig/Content/Controls/ControlRig_QuarterCircle_1mm.uasset" 422
"../../../Engine/Plugins/Animation/ControlRig/Content/Controls/ControlRig_QuarterCircle_1mm.uexp" 423
"../../../Engine/Plugins/Animation/ControlRig/Content/Controls/ControlRig_Pyramid_solid.ubulk" 424
"../../../Engine/Plugins/Animation/ControlRig/Content/Controls/ControlRig_Pyramid_solid.uasset" 425
"../../../Engine/Plugins/Animation/ControlRig/Content/Controls/ControlRig_Pyramid_solid.uexp" 426
"../../../Engine/Plugins/Animation/ControlRig/Content/Controls/ControlRig_Pyramid_3mm.ubulk" 427
"../../../Engine/Plugins/Animation/ControlRig/Content/Controls/ControlRig_Pyramid_3mm.uasset" 428
"../../../Engine/Plugins/Animation/ControlRig/Content/Controls/ControlRig_Pyramid_3mm.uexp" 429
"../../../Engine/Plugins/Animation/ControlRig/Content/Controls/ControlRig_Pyramid_1mm.ubulk" 430
"../../../Engine/Plugins/Animation/ControlRig/Content/Controls/ControlRig_Pyramid_1mm.uasset" 431
"../../../Engine/Plugins/Animation/ControlRig/Content/Controls/ControlRig_Pyramid_1mm.uexp" 432
"../../../Engine/Plugins/Animation/ControlRig/Content/Controls/ControlRig_Octagon_solid.ubulk" 433
"../../../Engine/Plugins/Animation/ControlRig/Content/Controls/ControlRig_Octagon_solid.uasset" 434
"../../../Engine/Plugins/Animation/ControlRig/Content/Controls/ControlRig_Octagon_solid.uexp" 435
"../../../Engine/Plugins/Animation/ControlRig/Content/Controls/ControlRig_Octagon_3mm.ubulk" 436
"../../../Engine/Plugins/Animation/ControlRig/Content/Controls/ControlRig_Octagon_3mm.uasset" 437
"../../../Engine/Plugins/Animation/ControlRig/Content/Controls/ControlRig_Octagon_3mm.uexp" 438
"../../../Engine/Plugins/Animation/ControlRig/Content/Controls/ControlRig_Octagon_1mm.ubulk" 439
"../../../Engine/Plugins/Animation/ControlRig/Content/Controls/ControlRig_Octagon_1mm.uasset" 440
"../../../Engine/Plugins/Animation/ControlRig/Content/Controls/ControlRig_Octagon_1mm.uexp" 441
"../../../Engine/Plugins/Animation/ControlRig/Content/Controls/ControlRig_Hexagon_solid.ubulk" 442
"../../../Engine/Plugins/Animation/ControlRig/Content/Controls/ControlRig_Hexagon_solid.uasset" 443
"../../../Engine/Plugins/Animation/ControlRig/Content/Controls/ControlRig_Hexagon_solid.uexp" 444
"../../../Engine/Plugins/Animation/ControlRig/Content/Controls/ControlRig_Hexagon_3mm.ubulk" 445
"../../../Engine/Plugins/Animation/ControlRig/Content/Controls/ControlRig_Hexagon_3mm.uasset" 446
"../../../Engine/Plugins/Animation/ControlRig/Content/Controls/ControlRig_Hexagon_3mm.uexp" 447
"../../../Engine/Plugins/Animation/ControlRig/Content/Controls/ControlRig_Hexagon_1mm.ubulk" 448
"../../../Engine/Plugins/Animation/ControlRig/Content/Controls/ControlRig_Hexagon_1mm.uasset" 449
"../../../Engine/Plugins/Animation/ControlRig/Content/Controls/ControlRig_Hexagon_1mm.uexp" 450
"../../../Engine/Plugins/Animation/ControlRig/Content/Controls/ControlRig_HalfCircle_solid.ubulk" 451
"../../../Engine/Plugins/Animation/ControlRig/Content/Controls/ControlRig_HalfCircle_solid.uasset" 452
"../../../Engine/Plugins/Animation/ControlRig/Content/Controls/ControlRig_HalfCircle_solid.uexp" 453
"../../../Engine/Plugins/Animation/ControlRig/Content/Controls/ControlRig_HalfCircle_3mm.ubulk" 454
"../../../Engine/Plugins/Animation/ControlRig/Content/Controls/ControlRig_HalfCircle_3mm.uasset" 455
"../../../Engine/Plugins/Animation/ControlRig/Content/Controls/ControlRig_HalfCircle_3mm.uexp" 456
"../../../Engine/Plugins/Animation/ControlRig/Content/Controls/ControlRig_HalfCircle_1mm.ubulk" 457
"../../../Engine/Plugins/Animation/ControlRig/Content/Controls/ControlRig_HalfCircle_1mm.uasset" 458
"../../../Engine/Plugins/Animation/ControlRig/Content/Controls/ControlRig_HalfCircle_1mm.uexp" 459
"../../../Engine/Plugins/Animation/ControlRig/Content/Controls/ControlRig_Diamond_solid.ubulk" 460
"../../../Engine/Plugins/Animation/ControlRig/Content/Controls/ControlRig_Diamond_solid.uasset" 461
"../../../Engine/Plugins/Animation/ControlRig/Content/Controls/ControlRig_Diamond_solid.uexp" 462
"../../../Engine/Plugins/Animation/ControlRig/Content/Controls/ControlRig_Diamond_3mm.ubulk" 463
"../../../Engine/Plugins/Animation/ControlRig/Content/Controls/ControlRig_Diamond_3mm.uasset" 464
"../../../Engine/Plugins/Animation/ControlRig/Content/Controls/ControlRig_Diamond_3mm.uexp" 465
"../../../Engine/Plugins/Animation/ControlRig/Content/Controls/ControlRig_Diamond_1mm.ubulk" 466
"../../../Engine/Plugins/Animation/ControlRig/Content/Controls/ControlRig_Diamond_1mm.uasset" 467
"../../../Engine/Plugins/Animation/ControlRig/Content/Controls/ControlRig_Diamond_1mm.uexp" 468
"../../../Engine/Plugins/Animation/ControlRig/Content/Controls/ControlRig_Circle_solid.ubulk" 469
"../../../Engine/Plugins/Animation/ControlRig/Content/Controls/ControlRig_Circle_solid.uasset" 470
"../../../Engine/Plugins/Animation/ControlRig/Content/Controls/ControlRig_Circle_solid.uexp" 471
"../../../Engine/Plugins/Animation/ControlRig/Content/Controls/ControlRig_Circle_3mm.ubulk" 472
"../../../Engine/Plugins/Animation/ControlRig/Content/Controls/ControlRig_Circle_3mm.uasset" 473
"../../../Engine/Plugins/Animation/ControlRig/Content/Controls/ControlRig_Circle_3mm.uexp" 474
"../../../Engine/Plugins/Animation/ControlRig/Content/Controls/ControlRig_Circle_1mm.ubulk" 475
"../../../Engine/Plugins/Animation/ControlRig/Content/Controls/ControlRig_Circle_1mm.uasset" 476
"../../../Engine/Plugins/Animation/ControlRig/Content/Controls/ControlRig_Circle_1mm.uexp" 477
"../../../Engine/Plugins/Animation/ControlRig/Content/Controls/ControlRig_Box_solid.ubulk" 478
"../../../Engine/Plugins/Animation/ControlRig/Content/Controls/ControlRig_Box_solid.uasset" 479
"../../../Engine/Plugins/Animation/ControlRig/Content/Controls/ControlRig_Box_solid.uexp" 480
"../../../Engine/Plugins/Animation/ControlRig/Content/Controls/ControlRig_Box_3mm.ubulk" 481
"../../../Engine/Plugins/Animation/ControlRig/Content/Controls/ControlRig_Box_3mm.uasset" 482
"../../../Engine/Plugins/Animation/ControlRig/Content/Controls/ControlRig_Box_3mm.uexp" 483
"../../../Engine/Plugins/Animation/ControlRig/Content/Controls/ControlRig_Box_1mm.ubulk" 484
"../../../Engine/Plugins/Animation/ControlRig/Content/Controls/ControlRig_Box_1mm.uasset" 485
"../../../Engine/Plugins/Animation/ControlRig/Content/Controls/ControlRig_Box_1mm.uexp" 486
"../../../Engine/Plugins/Animation/ControlRig/Content/Controls/ControlRig_Arrow_solid.ubulk" 487
"../../../Engine/Plugins/Animation/ControlRig/Content/Controls/ControlRig_Arrow_solid.uasset" 488
"../../../Engine/Plugins/Animation/ControlRig/Content/Controls/ControlRig_Arrow_solid.uexp" 489
"../../../Engine/Plugins/Animation/ControlRig/Content/Controls/ControlRig_Arrow_3mm.ubulk" 490
"../../../Engine/Plugins/Animation/ControlRig/Content/Controls/ControlRig_Arrow_3mm.uasset" 491
"../../../Engine/Plugins/Animation/ControlRig/Content/Controls/ControlRig_Arrow_3mm.uexp" 492
"../../../Engine/Plugins/Animation/ControlRig/Content/Controls/ControlRig_Arrow_1mm.ubulk" 493
"../../../Engine/Plugins/Animation/ControlRig/Content/Controls/ControlRig_Arrow_1mm.uasset" 494
"../../../Engine/Plugins/Animation/ControlRig/Content/Controls/ControlRig_Arrow_1mm.uexp" 495
"../../../Engine/Plugins/Animation/ControlRig/Content/Controls/ControlRig_Arrow4_solid.ubulk" 496
"../../../Engine/Plugins/Animation/ControlRig/Content/Controls/ControlRig_Arrow4_solid.uasset" 497
"../../../Engine/Plugins/Animation/ControlRig/Content/Controls/ControlRig_Arrow4_solid.uexp" 498
"../../../Engine/Plugins/Animation/ControlRig/Content/Controls/ControlRig_Arrow4_3mm.ubulk" 499
"../../../Engine/Plugins/Animation/ControlRig/Content/Controls/ControlRig_Arrow4_3mm.uasset" 500
"../../../Engine/Plugins/Animation/ControlRig/Content/Controls/ControlRig_Arrow4_3mm.uexp" 501
"../../../Engine/Plugins/Animation/ControlRig/Content/Controls/ControlRig_Arrow4_1mm.ubulk" 502
"../../../Engine/Plugins/Animation/ControlRig/Content/Controls/ControlRig_Arrow4_1mm.uasset" 503
"../../../Engine/Plugins/Animation/ControlRig/Content/Controls/ControlRig_Arrow4_1mm.uexp" 504
"../../../Engine/Plugins/Animation/ControlRig/Content/Controls/ControlRig_Arrow2_solid.ubulk" 505
"../../../Engine/Plugins/Animation/ControlRig/Content/Controls/ControlRig_Arrow2_solid.uasset" 506
"../../../Engine/Plugins/Animation/ControlRig/Content/Controls/ControlRig_Arrow2_solid.uexp" 507
"../../../Engine/Plugins/Animation/ControlRig/Content/Controls/ControlRig_Arrow2_3mm.ubulk" 508
"../../../Engine/Plugins/Animation/ControlRig/Content/Controls/ControlRig_Arrow2_3mm.uasset" 509
"../../../Engine/Plugins/Animation/ControlRig/Content/Controls/ControlRig_Arrow2_3mm.uexp" 510
"../../../Engine/Plugins/Animation/ControlRig/Content/Controls/ControlRig_Arrow2_1mm.ubulk" 511
"../../../Engine/Plugins/Animation/ControlRig/Content/Controls/ControlRig_Arrow2_1mm.uasset" 512
"../../../Engine/Plugins/Animation/ControlRig/Content/Controls/ControlRig_Arrow2_1mm.uexp" 513
"../../../Engine/Plugins/Animation/ControlRig/Content/Controls/ControlRigXRayMaterial.uasset" 514
"../../../Engine/Plugins/Animation/ControlRig/Content/Controls/ControlRigXRayMaterial.uexp" 515
"../../../Engine/Plugins/Animation/ControlRig/Content/Controls/ControlRigGizmoMaterial.uasset" 516
"../../../Engine/Plugins/Animation/ControlRig/Content/Controls/ControlRigGizmoMaterial.uexp" 517
"../../../Engine/Plugins/Editor/SpeedTreeImporter/Content/SpeedTree9/game_wind_noise.ubulk" 518
"../../../Engine/Plugins/Editor/SpeedTreeImporter/Content/SpeedTree9/game_wind_noise.uasset" 519
"../../../Engine/Plugins/Editor/SpeedTreeImporter/Content/SpeedTree9/game_wind_noise.uexp" 520
"../../../Engine/Plugins/Editor/SpeedTreeImporter/Content/SpeedTree9/UnpackDirection.uasset" 521
"../../../Engine/Plugins/Editor/SpeedTreeImporter/Content/SpeedTree9/UnpackDirection.uexp" 522
"../../../Engine/Content/Functions/Engine_MaterialFunctions02/ObjectLocalBounds.uasset" 523
"../../../Engine/Content/Functions/Engine_MaterialFunctions02/ObjectLocalBounds.uexp" 524
"../../../Engine/Content/Functions/Engine_MaterialFunctions02/UVs/BoundingBoxBased_0-1_UVW.uasset" 525
"../../../Engine/Content/Functions/Engine_MaterialFunctions02/UVs/BoundingBoxBased_0-1_UVW.uexp" 526
"../../../Engine/Content/Functions/Engine_MaterialFunctions02/Utility/VectorLength.uasset" 527
"../../../Engine/Content/Functions/Engine_MaterialFunctions02/Utility/VectorLength.uexp" 528
"../../../Engine/Plugins/Editor/SpeedTreeImporter/Content/SpeedTree9/UnpackInteger3.uasset" 529
"../../../Engine/Plugins/Editor/SpeedTreeImporter/Content/SpeedTree9/UnpackInteger3.uexp" 530
"../../../Engine/Plugins/Editor/SpeedTreeImporter/Content/SpeedTree9/SpeedTreeCameraFacing.uasset" 531
"../../../Engine/Plugins/Editor/SpeedTreeImporter/Content/SpeedTree9/SpeedTreeCameraFacing.uexp" 532
"../../../Engine/Content/Functions/Engine_MaterialFunctions02/WorldPositionOffset/ObjectScale.uasset" 533
"../../../Engine/Content/Functions/Engine_MaterialFunctions02/WorldPositionOffset/ObjectScale.uexp" 534
"../../../Engine/Content/Functions/Engine_MaterialFunctions02/SafeNormalize.uasset" 535
"../../../Engine/Content/Functions/Engine_MaterialFunctions02/SafeNormalize.uexp" 536
"../../../Engine/Plugins/Editor/SpeedTreeImporter/Content/SpeedTree9/SpeedTreeWindMotion.uasset" 537
"../../../Engine/Plugins/Editor/SpeedTreeImporter/Content/SpeedTree9/SpeedTreeWindMotion.uexp" 538
"../../../Engine/Plugins/Editor/SpeedTreeImporter/Content/SpeedTree9/SpeedTreeBranchMotion.uasset" 539
"../../../Engine/Plugins/Editor/SpeedTreeImporter/Content/SpeedTree9/SpeedTreeBranchMotion.uexp" 540
"../../../Engine/Plugins/Editor/SpeedTreeImporter/Content/SpeedTree9/SpeedTreeWind.uasset" 541
"../../../Engine/Plugins/Editor/SpeedTreeImporter/Content/SpeedTree9/SpeedTreeWind.uexp" 542
"../../../Engine/Plugins/Editor/SpeedTreeImporter/Content/SpeedTree9/EmptyNormal.uasset" 543
"../../../Engine/Plugins/Editor/SpeedTreeImporter/Content/SpeedTree9/EmptyNormal.uexp" 544
"../../../Engine/Plugins/Editor/SpeedTreeImporter/Content/SpeedTree9/Empty.uasset" 545
"../../../Engine/Plugins/Editor/SpeedTreeImporter/Content/SpeedTree9/Empty.uexp" 546
"../../../Engine/Plugins/Editor/SpeedTreeImporter/Content/SpeedTree9/SpeedTreeMaster.uasset" 547
"../../../Engine/Plugins/Editor/SpeedTreeImporter/Content/SpeedTree9/SpeedTreeMaster.uexp" 548
"../../../Engine/Plugins/Editor/SpeedTreeImporter/Content/SpeedTree9/SpeedTreeBillboard.uasset" 549
"../../../Engine/Plugins/Editor/SpeedTreeImporter/Content/SpeedTree9/SpeedTreeBillboard.uexp" 550
"../../../Engine/Plugins/Editor/SpeedTreeImporter/Content/SpeedTree9/SpeedTreeBillboardMaster.uasset" 551
"../../../Engine/Plugins/Editor/SpeedTreeImporter/Content/SpeedTree9/SpeedTreeBillboardMaster.uexp" 552
"../../../Engine/Content/Functions/Engine_MaterialFunctions02/Texturing/CustomRotator.uasset" 553
"../../../Engine/Content/Functions/Engine_MaterialFunctions02/Texturing/CustomRotator.uexp" 554
"../../../Engine/Content/Functions/Engine_MaterialFunctions02/Texturing/ScreenAlignedPixelToPixelUVs.uasset" 555
"../../../Engine/Content/Functions/Engine_MaterialFunctions02/Texturing/ScreenAlignedPixelToPixelUVs.uexp" 556
"../../../Engine/Plugins/Interchange/Runtime/Content/Utilities/T_Bayer64_Grayscale_64px.uasset" 557
"../../../Engine/Plugins/Interchange/Runtime/Content/Utilities/T_Bayer64_Grayscale_64px.uexp" 558
"../../../Engine/Plugins/Interchange/Runtime/Content/gltf/MaterialFunctions/MF_Temporal_Blur.uasset" 559
"../../../Engine/Plugins/Interchange/Runtime/Content/gltf/MaterialFunctions/MF_Temporal_Blur.uexp" 560
"../../../Engine/Plugins/Interchange/Runtime/Content/gltf/MaterialFunctions/MF_Fresnel_DS.uasset" 561
"../../../Engine/Plugins/Interchange/Runtime/Content/gltf/MaterialFunctions/MF_Fresnel_DS.uexp" 562
"../../../Engine/Plugins/Interchange/Runtime/Content/Functions/MX_Transmission.uasset" 563
"../../../Engine/Plugins/Interchange/Runtime/Content/Functions/MX_Transmission.uexp" 564
"../../../Engine/Plugins/Interchange/Runtime/Content/Functions/MF_OrenNayerView.uasset" 565
"../../../Engine/Plugins/Interchange/Runtime/Content/Functions/MF_OrenNayerView.uexp" 566
"../../../Engine/Plugins/Interchange/Runtime/Content/Functions/MF_SchlickApprox.uasset" 567
"../../../Engine/Plugins/Interchange/Runtime/Content/Functions/MF_SchlickApprox.uexp" 568
"../../../Engine/Plugins/Interchange/Runtime/Content/Utilities/New_LUT.uasset" 569
"../../../Engine/Plugins/Interchange/Runtime/Content/Utilities/New_LUT.uexp" 570
"../../../Engine/Content/Functions/Engine_MaterialFunctions03/Math/RemapValueRange.uasset" 571
"../../../Engine/Content/Functions/Engine_MaterialFunctions03/Math/RemapValueRange.uexp" 572
"../../../Engine/Plugins/Interchange/Runtime/Content/Functions/MF_Iridescence.uasset" 573
"../../../Engine/Plugins/Interchange/Runtime/Content/Functions/MF_Iridescence.uexp" 574
"../../../Engine/Plugins/Interchange/Runtime/Content/Functions/MX_StandardSurface.uasset" 575
"../../../Engine/Plugins/Interchange/Runtime/Content/Functions/MX_StandardSurface.uexp" 576
"../../../Engine/Plugins/Interchange/Runtime/Content/Functions/MX_TransmissionSurface.uasset" 577
"../../../Engine/Plugins/Interchange/Runtime/Content/Functions/MX_TransmissionSurface.uexp" 578
"../../../Engine/Content/Functions/Engine_MaterialFunctions02/Math/AddComponents.uasset" 579
"../../../Engine/Content/Functions/Engine_MaterialFunctions02/Math/AddComponents.uexp" 580
"../../../Engine/Content/Functions/Engine_MaterialFunctions02/WorldPositionOffset/V2/ObjectScale.uasset" 581
"../../../Engine/Content/Functions/Engine_MaterialFunctions02/WorldPositionOffset/V2/ObjectScale.uexp" 582
"../../../Engine/Plugins/Interchange/Runtime/Content/gltf/MaterialFunctions/MF_TransmissionOpacity.uasset" 583
"../../../Engine/Plugins/Interchange/Runtime/Content/gltf/MaterialFunctions/MF_TransmissionOpacity.uexp" 584
"../../../Engine/Plugins/Interchange/Runtime/Content/gltf/MaterialFunctions/MF_RotateV2.uasset" 585
"../../../Engine/Plugins/Interchange/Runtime/Content/gltf/MaterialFunctions/MF_RotateV2.uexp" 586
"../../../Engine/Plugins/Interchange/Runtime/Content/gltf/MaterialFunctions/MF_TransformUVs.uasset" 587
"../../../Engine/Plugins/Interchange/Runtime/Content/gltf/MaterialFunctions/MF_TransformUVs.uexp" 588
"../../../Engine/Plugins/Interchange/Runtime/Content/gltf/Textures/T_White_srgb.uasset" 589
"../../../Engine/Plugins/Interchange/Runtime/Content/gltf/Textures/T_White_srgb.uexp" 590
"../../../Engine/Plugins/Interchange/Runtime/Content/gltf/MaterialFunctions/MF_BaseColor.uasset" 591
"../../../Engine/Plugins/Interchange/Runtime/Content/gltf/MaterialFunctions/MF_BaseColor.uexp" 592
"../../../Engine/Plugins/Interchange/Runtime/Content/gltf/MaterialFunctions/MF_DiffuseSpecGloss.uasset" 593
"../../../Engine/Plugins/Interchange/Runtime/Content/gltf/MaterialFunctions/MF_DiffuseSpecGloss.uexp" 594
"../../../Engine/Plugins/Interchange/Runtime/Content/gltf/Textures/T_White_Linear.uasset" 595
"../../../Engine/Plugins/Interchange/Runtime/Content/gltf/Textures/T_White_Linear.uexp" 596
"../../../Engine/Plugins/Interchange/Runtime/Content/gltf/MaterialFunctions/MF_MetallicRoughness.uasset" 597
"../../../Engine/Plugins/Interchange/Runtime/Content/gltf/MaterialFunctions/MF_MetallicRoughness.uexp" 598
"../../../Engine/Plugins/Interchange/Runtime/Content/gltf/MaterialFunctions/MF_Transmission.uasset" 599
"../../../Engine/Plugins/Interchange/Runtime/Content/gltf/MaterialFunctions/MF_Transmission.uexp" 600
"../../../Engine/Plugins/Interchange/Runtime/Content/gltf/MaterialFunctions/MF_Occlusion.uasset" 601
"../../../Engine/Plugins/Interchange/Runtime/Content/gltf/MaterialFunctions/MF_Occlusion.uexp" 602
"../../../Engine/Plugins/Interchange/Runtime/Content/gltf/MaterialFunctions/MF_Specular.uasset" 603
"../../../Engine/Plugins/Interchange/Runtime/Content/gltf/MaterialFunctions/MF_Specular.uexp" 604
"../../../Engine/Plugins/Interchange/Runtime/Content/gltf/MaterialFunctions/MF_IOR.uasset" 605
"../../../Engine/Plugins/Interchange/Runtime/Content/gltf/MaterialFunctions/MF_IOR.uexp" 606
"../../../Engine/Content/Functions/Engine_MaterialFunctions01/Texturing/FlattenNormal.uasset" 607
"../../../Engine/Content/Functions/Engine_MaterialFunctions01/Texturing/FlattenNormal.uexp" 608
"../../../Engine/Content/Functions/Engine_MaterialFunctions02/Math/Transform3x3Matrix.uasset" 609
"../../../Engine/Content/Functions/Engine_MaterialFunctions02/Math/Transform3x3Matrix.uexp" 610
"../../../Engine/Plugins/Interchange/Runtime/Content/gltf/MaterialFunctions/MF_RotateNormals_TS.uasset" 611
"../../../Engine/Plugins/Interchange/Runtime/Content/gltf/MaterialFunctions/MF_RotateNormals_TS.uexp" 612
"../../../Engine/Plugins/Interchange/Runtime/Content/gltf/Textures/T_Generic_N.uasset" 613
"../../../Engine/Plugins/Interchange/Runtime/Content/gltf/Textures/T_Generic_N.uexp" 614
"../../../Engine/Plugins/Interchange/Runtime/Content/gltf/MaterialFunctions/MF_Normals.uasset" 615
"../../../Engine/Plugins/Interchange/Runtime/Content/gltf/MaterialFunctions/MF_Normals.uexp" 616
"../../../Engine/Plugins/Interchange/Runtime/Content/gltf/MaterialFunctions/MF_PerceivedBrightness.uasset" 617
"../../../Engine/Plugins/Interchange/Runtime/Content/gltf/MaterialFunctions/MF_PerceivedBrightness.uexp" 618
"../../../Engine/Plugins/Interchange/Runtime/Content/gltf/MaterialFunctions/MF_SpecGlossToMetalRoughness.uasset" 619
"../../../Engine/Plugins/Interchange/Runtime/Content/gltf/MaterialFunctions/MF_SpecGlossToMetalRoughness.uexp" 620
"../../../Engine/Plugins/Interchange/Runtime/Content/gltf/M_Transmission.uasset" 621
"../../../Engine/Plugins/Interchange/Runtime/Content/gltf/M_Transmission.uexp" 622
"../../../Engine/Plugins/Interchange/Runtime/Content/gltf/MaterialInstances_MR/MI_Transmission_TS.uasset" 623
"../../../Engine/Plugins/Interchange/Runtime/Content/gltf/MaterialInstances_MR/MI_Transmission_TS.uexp" 624
"../../../Engine/Plugins/Interchange/Runtime/Content/gltf/MaterialInstances_MR/MI_Transmission.uasset" 625
"../../../Engine/Plugins/Interchange/Runtime/Content/gltf/MaterialInstances_MR/MI_Transmission.uexp" 626
"../../../Engine/Plugins/Interchange/Runtime/Content/gltf/MaterialFunctions/MF_Clearcoat.uasset" 627
"../../../Engine/Plugins/Interchange/Runtime/Content/gltf/MaterialFunctions/MF_Clearcoat.uexp" 628
"../../../Engine/Plugins/Interchange/Runtime/Content/gltf/MaterialFunctions/MF_Emissive.uasset" 629
"../../../Engine/Plugins/Interchange/Runtime/Content/gltf/MaterialFunctions/MF_Emissive.uexp" 630
"../../../Engine/Plugins/Interchange/Runtime/Content/gltf/M_Translucent.uasset" 631
"../../../Engine/Plugins/Interchange/Runtime/Content/gltf/M_Translucent.uexp" 632
"../../../Engine/Plugins/Interchange/Runtime/Content/gltf/MaterialInstances_MR/MI_Translucent_TS.uasset" 633
"../../../Engine/Plugins/Interchange/Runtime/Content/gltf/MaterialInstances_MR/MI_Translucent_TS.uexp" 634
"../../../Engine/Plugins/Interchange/Runtime/Content/gltf/MaterialInstances_MR/MI_Translucent_ClearCoat_TS.uasset" 635
"../../../Engine/Plugins/Interchange/Runtime/Content/gltf/MaterialInstances_MR/MI_Translucent_ClearCoat_TS.uexp" 636
"../../../Engine/Plugins/Interchange/Runtime/Content/gltf/MaterialInstances_MR/MI_Translucent_ClearCoat.uasset" 637
"../../../Engine/Plugins/Interchange/Runtime/Content/gltf/MaterialInstances_MR/MI_Translucent_ClearCoat.uexp" 638
"../../../Engine/Plugins/Interchange/Runtime/Content/gltf/MaterialInstances_MR/MI_Translucent.uasset" 639
"../../../Engine/Plugins/Interchange/Runtime/Content/gltf/MaterialInstances_MR/MI_Translucent.uexp" 640
"../../../Engine/Plugins/Interchange/Runtime/Content/gltf/M_Unlit.uasset" 641
"../../../Engine/Plugins/Interchange/Runtime/Content/gltf/M_Unlit.uexp" 642
"../../../Engine/Plugins/Interchange/Runtime/Content/gltf/MaterialInstances_MR/MI_Opaque_Unlit_TS.uasset" 643
"../../../Engine/Plugins/Interchange/Runtime/Content/gltf/MaterialInstances_MR/MI_Opaque_Unlit_TS.uexp" 644
"../../../Engine/Plugins/Interchange/Runtime/Content/gltf/MaterialInstances_MR/MI_Opaque_Unlit.uasset" 645
"../../../Engine/Plugins/Interchange/Runtime/Content/gltf/MaterialInstances_MR/MI_Opaque_Unlit.uexp" 646
"../../../Engine/Plugins/Interchange/Runtime/Content/gltf/M_Opaque.uasset" 647
"../../../Engine/Plugins/Interchange/Runtime/Content/gltf/M_Opaque.uexp" 648
"../../../Engine/Plugins/Interchange/Runtime/Content/gltf/MaterialInstances_MR/MI_Opaque_TS.uasset" 649
"../../../Engine/Plugins/Interchange/Runtime/Content/gltf/MaterialInstances_MR/MI_Opaque_TS.uexp" 650
"../../../Engine/Plugins/Interchange/Runtime/Content/gltf/MaterialFunctions/MF_Sheen.uasset" 651
"../../../Engine/Plugins/Interchange/Runtime/Content/gltf/MaterialFunctions/MF_Sheen.uexp" 652
"../../../Engine/Content/Functions/Engine_MaterialFunctions01/Shading/FuzzyShading.uasset" 653
"../../../Engine/Content/Functions/Engine_MaterialFunctions01/Shading/FuzzyShading.uexp" 654
"../../../Engine/Plugins/Interchange/Runtime/Content/gltf/M_Sheen.uasset" 655
"../../../Engine/Plugins/Interchange/Runtime/Content/gltf/M_Sheen.uexp" 656
"../../../Engine/Plugins/Interchange/Runtime/Content/gltf/MaterialInstances_MR/MI_Opaque_Sheen_TS.uasset" 657
"../../../Engine/Plugins/Interchange/Runtime/Content/gltf/MaterialInstances_MR/MI_Opaque_Sheen_TS.uexp" 658
"../../../Engine/Plugins/Interchange/Runtime/Content/gltf/MaterialInstances_MR/MI_Opaque_Sheen.uasset" 659
"../../../Engine/Plugins/Interchange/Runtime/Content/gltf/MaterialInstances_MR/MI_Opaque_Sheen.uexp" 660
"../../../Engine/Plugins/Interchange/Runtime/Content/gltf/MaterialInstances_MR/MI_Opaque_ClearCoat_TS.uasset" 661
"../../../Engine/Plugins/Interchange/Runtime/Content/gltf/MaterialInstances_MR/MI_Opaque_ClearCoat_TS.uexp" 662
"../../../Engine/Plugins/Interchange/Runtime/Content/gltf/MaterialInstances_MR/MI_Opaque_ClearCoat.uasset" 663
"../../../Engine/Plugins/Interchange/Runtime/Content/gltf/MaterialInstances_MR/MI_Opaque_ClearCoat.uexp" 664
"../../../Engine/Plugins/Interchange/Runtime/Content/gltf/MaterialInstances_MR/MI_Opaque.uasset" 665
"../../../Engine/Plugins/Interchange/Runtime/Content/gltf/MaterialInstances_MR/MI_Opaque.uexp" 666
"../../../Engine/Plugins/Interchange/Runtime/Content/gltf/MaterialInstances_SG/MI_Transmission_TS.uasset" 667
"../../../Engine/Plugins/Interchange/Runtime/Content/gltf/MaterialInstances_SG/MI_Transmission_TS.uexp" 668
"../../../Engine/Plugins/Interchange/Runtime/Content/gltf/MaterialInstances_SG/MI_Transmission.uasset" 669
"../../../Engine/Plugins/Interchange/Runtime/Content/gltf/MaterialInstances_SG/MI_Transmission.uexp" 670
"../../../Engine/Plugins/Interchange/Runtime/Content/gltf/MaterialInstances_SG/MI_Translucent_TS.uasset" 671
"../../../Engine/Plugins/Interchange/Runtime/Content/gltf/MaterialInstances_SG/MI_Translucent_TS.uexp" 672
"../../../Engine/Plugins/Interchange/Runtime/Content/gltf/MaterialInstances_SG/MI_Translucent_ClearCoat_TS.uasset" 673
"../../../Engine/Plugins/Interchange/Runtime/Content/gltf/MaterialInstances_SG/MI_Translucent_ClearCoat_TS.uexp" 674
"../../../Engine/Plugins/Interchange/Runtime/Content/gltf/MaterialInstances_SG/MI_Translucent_ClearCoat.uasset" 675
"../../../Engine/Plugins/Interchange/Runtime/Content/gltf/MaterialInstances_SG/MI_Translucent_ClearCoat.uexp" 676
"../../../Engine/Plugins/Interchange/Runtime/Content/gltf/MaterialInstances_SG/MI_Translucent.uasset" 677
"../../../Engine/Plugins/Interchange/Runtime/Content/gltf/MaterialInstances_SG/MI_Translucent.uexp" 678
"../../../Engine/Plugins/Interchange/Runtime/Content/gltf/MaterialInstances_SG/MI_Opaque_TS.uasset" 679
"../../../Engine/Plugins/Interchange/Runtime/Content/gltf/MaterialInstances_SG/MI_Opaque_TS.uexp" 680
"../../../Engine/Plugins/Interchange/Runtime/Content/gltf/MaterialInstances_SG/MI_Opaque_Sheen_TS.uasset" 681
"../../../Engine/Plugins/Interchange/Runtime/Content/gltf/MaterialInstances_SG/MI_Opaque_Sheen_TS.uexp" 682
"../../../Engine/Plugins/Interchange/Runtime/Content/gltf/MaterialInstances_SG/MI_Opaque_Sheen.uasset" 683
"../../../Engine/Plugins/Interchange/Runtime/Content/gltf/MaterialInstances_SG/MI_Opaque_Sheen.uexp" 684
"../../../Engine/Plugins/Interchange/Runtime/Content/gltf/MaterialInstances_SG/MI_Opaque_ClearCoat_TS.uasset" 685
"../../../Engine/Plugins/Interchange/Runtime/Content/gltf/MaterialInstances_SG/MI_Opaque_ClearCoat_TS.uexp" 686
"../../../Engine/Plugins/Interchange/Runtime/Content/gltf/MaterialInstances_SG/MI_Opaque_ClearCoat.uasset" 687
"../../../Engine/Plugins/Interchange/Runtime/Content/gltf/MaterialInstances_SG/MI_Opaque_ClearCoat.uexp" 688
"../../../Engine/Plugins/Interchange/Runtime/Content/gltf/MaterialInstances_SG/MI_Opaque.uasset" 689
"../../../Engine/Plugins/Interchange/Runtime/Content/gltf/MaterialInstances_SG/MI_Opaque.uexp" 690
"../../../Engine/Plugins/Interchange/Runtime/Content/gltf/Textures/T_Gray_Linear.uasset" 691
"../../../Engine/Plugins/Interchange/Runtime/Content/gltf/Textures/T_Gray_Linear.uexp" 692
"../../../Engine/Plugins/Interchange/Runtime/Content/gltf/Textures/T_Black_srgb.uasset" 693
"../../../Engine/Plugins/Interchange/Runtime/Content/gltf/Textures/T_Black_srgb.uexp" 694
"../../../Engine/Plugins/Interchange/Runtime/Content/Materials/UnlitMaterial.uasset" 695
"../../../Engine/Plugins/Interchange/Runtime/Content/Materials/UnlitMaterial.uexp" 696
"../../../Engine/Content/EngineMaterials/DefaultNormal.ubulk" 697
"../../../Engine/Content/EngineMaterials/DefaultNormal.uasset" 698
"../../../Engine/Content/EngineMaterials/DefaultNormal.uexp" 699
"../../../Engine/Plugins/Interchange/Runtime/Content/Materials/MapOrScalarFunction.uasset" 700
"../../../Engine/Plugins/Interchange/Runtime/Content/Materials/MapOrScalarFunction.uexp" 701
"../../../Engine/Plugins/Interchange/Runtime/Content/Materials/MapOrLinearColorFunction.uasset" 702
"../../../Engine/Plugins/Interchange/Runtime/Content/Materials/MapOrLinearColorFunction.uexp" 703
"../../../Engine/Plugins/Interchange/Runtime/Content/Materials/MapOrColorFunction.uasset" 704
"../../../Engine/Plugins/Interchange/Runtime/Content/Materials/MapOrColorFunction.uexp" 705
"../../../Engine/Plugins/Interchange/Runtime/Content/Materials/CommonMaterial.uasset" 706
"../../../Engine/Plugins/Interchange/Runtime/Content/Materials/CommonMaterial.uexp" 707
"../../../Engine/Plugins/Interchange/Runtime/Content/Materials/PBRSurfaceFunction.uasset" 708
"../../../Engine/Plugins/Interchange/Runtime/Content/Materials/PBRSurfaceFunction.uexp" 709
"../../../Engine/Plugins/Interchange/Runtime/Content/Materials/ThinTranslucentMaterial.uasset" 710
"../../../Engine/Plugins/Interchange/Runtime/Content/Materials/ThinTranslucentMaterial.uexp" 711
"../../../Engine/Plugins/Interchange/Runtime/Content/Materials/SubsurfaceMaterial.uasset" 712
"../../../Engine/Plugins/Interchange/Runtime/Content/Materials/SubsurfaceMaterial.uexp" 713
"../../../Engine/Plugins/Interchange/Runtime/Content/Materials/SheenMaterial.uasset" 714
"../../../Engine/Plugins/Interchange/Runtime/Content/Materials/SheenMaterial.uexp" 715
"../../../Engine/Content/Functions/Engine_MaterialFunctions01/Shading/ConvertFromDiffSpec.uasset" 716
"../../../Engine/Content/Functions/Engine_MaterialFunctions01/Shading/ConvertFromDiffSpec.uexp" 717
"../../../Engine/Plugins/Interchange/Runtime/Content/Materials/PhongSurfaceMaterial.uasset" 718
"../../../Engine/Plugins/Interchange/Runtime/Content/Materials/PhongSurfaceMaterial.uexp" 719
"../../../Engine/Plugins/Interchange/Runtime/Content/Materials/PBRSurfaceMaterial.uasset" 720
"../../../Engine/Plugins/Interchange/Runtime/Content/Materials/PBRSurfaceMaterial.uexp" 721
"../../../Engine/Content/EngineMaterials/FlatNormal.uasset" 722
"../../../Engine/Content/EngineMaterials/FlatNormal.uexp" 723
"../../../Engine/Content/EditorLandscapeResources/WhiteSquareTexture.uasset" 724
"../../../Engine/Content/EditorLandscapeResources/WhiteSquareTexture.uexp" 725
"../../../Engine/Plugins/Interchange/Runtime/Content/Materials/OrenNayerMaterial.uasset" 726
"../../../Engine/Plugins/Interchange/Runtime/Content/Materials/OrenNayerMaterial.uexp" 727
"../../../Engine/Plugins/Interchange/Runtime/Content/Materials/LambertSurfaceMaterial.uasset" 728
"../../../Engine/Plugins/Interchange/Runtime/Content/Materials/LambertSurfaceMaterial.uexp" 729
"../../../Engine/Plugins/Interchange/Runtime/Content/Materials/ClearCoatMaterial.uasset" 730
"../../../Engine/Plugins/Interchange/Runtime/Content/Materials/ClearCoatMaterial.uexp" 731
"../../../Engine/Plugins/Interchange/Runtime/Content/Pipelines/DefaultTexturePipeline.uasset" 732
"../../../Engine/Plugins/Interchange/Runtime/Content/Pipelines/DefaultTexturePipeline.uexp" 733
"../../../Engine/Plugins/Interchange/Runtime/Content/Pipelines/DefaultSceneLevelPipeline.uasset" 734
"../../../Engine/Plugins/Interchange/Runtime/Content/Pipelines/DefaultSceneLevelPipeline.uexp" 735
"../../../Engine/Plugins/Interchange/Runtime/Content/Pipelines/DefaultSceneAssetsPipeline.uasset" 736
"../../../Engine/Plugins/Interchange/Runtime/Content/Pipelines/DefaultSceneAssetsPipeline.uexp" 737
"../../../Engine/Plugins/Interchange/Runtime/Content/Pipelines/DefaultMaterialPipeline.uasset" 738
"../../../Engine/Plugins/Interchange/Runtime/Content/Pipelines/DefaultMaterialPipeline.uexp" 739
"../../../Engine/Plugins/Interchange/Runtime/Content/Pipelines/DefaultAssetsPipeline.uasset" 740
"../../../Engine/Plugins/Interchange/Runtime/Content/Pipelines/DefaultAssetsPipeline.uexp" 741
"../../../Engine/Plugins/Runtime/MeshModelingToolset/Content/Materials/M_DynamicMeshComponentVtxColor.uasset" 742
"../../../Engine/Plugins/Runtime/MeshModelingToolset/Content/Materials/M_DynamicMeshComponentVtxColor.uexp" 743
"../../../Engine/Content/Maps/Entry_BuiltData.uasset" 744
"../../../Engine/Content/Maps/Entry_BuiltData.uexp" 745
"../../../Engine/Content/Maps/Entry.uexp" 746
"../../../Engine/Content/Maps/Entry.umap" 747
"C:/Users/rober/Documents/GitHub/Chill-Jam/Content/Sound/W_MainMusic.ubulk" 748
"C:/Users/rober/Documents/GitHub/Chill-Jam/Content/Sound/W_MainMusic.uasset" 749
"C:/Users/rober/Documents/GitHub/Chill-Jam/Content/Sound/W_MainMusic.uexp" 750
"../../../Engine/Content/EditorBlueprintResources/StandardMacros.uasset" 751
"../../../Engine/Content/EditorBlueprintResources/StandardMacros.uexp" 752
"C:/Users/rober/Documents/GitHub/Chill-Jam/Content/Blueprints/GameInstance/BPI_ChillGameInstance.uasset" 753
"C:/Users/rober/Documents/GitHub/Chill-Jam/Content/Blueprints/GameInstance/BPI_ChillGameInstance.uexp" 754
"C:/Users/rober/Documents/GitHub/Chill-Jam/Content/UI/T_UI_Background.uasset" 755
"C:/Users/rober/Documents/GitHub/Chill-Jam/Content/UI/T_UI_Background.uexp" 756
"C:/Users/rober/Documents/GitHub/Chill-Jam/Content/Sound/W_Death.ubulk" 757
"C:/Users/rober/Documents/GitHub/Chill-Jam/Content/Sound/W_Death.uasset" 758
"C:/Users/rober/Documents/GitHub/Chill-Jam/Content/Sound/W_Death.uexp" 759
"C:/Users/rober/Documents/GitHub/Chill-Jam/Content/Player/I_Chillable.uasset" 760
"C:/Users/rober/Documents/GitHub/Chill-Jam/Content/Player/I_Chillable.uexp" 761
"C:/Users/rober/Documents/GitHub/Chill-Jam/Content/Blueprints/Widgets/WBP_PlayerHealth.uasset" 762
"C:/Users/rober/Documents/GitHub/Chill-Jam/Content/Blueprints/Widgets/WBP_PlayerHealth.uexp" 763
"C:/Users/rober/Documents/GitHub/Chill-Jam/Content/Libraries/ML_GeneralMacros.uasset" 764
"C:/Users/rober/Documents/GitHub/Chill-Jam/Content/Libraries/ML_GeneralMacros.uexp" 765
"C:/Users/rober/Documents/GitHub/Chill-Jam/Content/Platforms/BaseClass/I_Slideable.uasset" 766
"C:/Users/rober/Documents/GitHub/Chill-Jam/Content/Platforms/BaseClass/I_Slideable.uexp" 767
"../../../Engine/Plugins/2D/Paper2D/Content/TranslucentUnlitSpriteMaterial.uasset" 768
"../../../Engine/Plugins/2D/Paper2D/Content/TranslucentUnlitSpriteMaterial.uexp" 769
"C:/Users/rober/Documents/GitHub/Chill-Jam/Content/Player/Walk/T_Character_Walk_0.uasset" 770
"C:/Users/rober/Documents/GitHub/Chill-Jam/Content/Player/Walk/T_Character_Walk_0.uexp" 771
"C:/Users/rober/Documents/GitHub/Chill-Jam/Content/Player/Walk/S_Character_Walk_0.uasset" 772
"C:/Users/rober/Documents/GitHub/Chill-Jam/Content/Player/Walk/S_Character_Walk_0.uexp" 773
"C:/Users/rober/Documents/GitHub/Chill-Jam/Content/Player/Walk/T_Character_Walk_1.ubulk" 774
"C:/Users/rober/Documents/GitHub/Chill-Jam/Content/Player/Walk/T_Character_Walk_1.uasset" 775
"C:/Users/rober/Documents/GitHub/Chill-Jam/Content/Player/Walk/T_Character_Walk_1.uexp" 776
"C:/Users/rober/Documents/GitHub/Chill-Jam/Content/Player/Walk/S_Character_Walk_1.uasset" 777
"C:/Users/rober/Documents/GitHub/Chill-Jam/Content/Player/Walk/S_Character_Walk_1.uexp" 778
"C:/Users/rober/Documents/GitHub/Chill-Jam/Content/Player/Walk/T_Character_Walk_2.ubulk" 779
"C:/Users/rober/Documents/GitHub/Chill-Jam/Content/Player/Walk/T_Character_Walk_2.uasset" 780
"C:/Users/rober/Documents/GitHub/Chill-Jam/Content/Player/Walk/T_Character_Walk_2.uexp" 781
"C:/Users/rober/Documents/GitHub/Chill-Jam/Content/Player/Walk/S_Character_Walk_2.uasset" 782
"C:/Users/rober/Documents/GitHub/Chill-Jam/Content/Player/Walk/S_Character_Walk_2.uexp" 783
"C:/Users/rober/Documents/GitHub/Chill-Jam/Content/Player/Walk/T_Character_Walk_3.ubulk" 784
"C:/Users/rober/Documents/GitHub/Chill-Jam/Content/Player/Walk/T_Character_Walk_3.uasset" 785
"C:/Users/rober/Documents/GitHub/Chill-Jam/Content/Player/Walk/T_Character_Walk_3.uexp" 786
"C:/Users/rober/Documents/GitHub/Chill-Jam/Content/Player/Walk/S_Character_Walk_3.uasset" 787
"C:/Users/rober/Documents/GitHub/Chill-Jam/Content/Player/Walk/S_Character_Walk_3.uexp" 788
"C:/Users/rober/Documents/GitHub/Chill-Jam/Content/Player/Walk/T_Character_Walk_4.ubulk" 789
"C:/Users/rober/Documents/GitHub/Chill-Jam/Content/Player/Walk/T_Character_Walk_4.uasset" 790
"C:/Users/rober/Documents/GitHub/Chill-Jam/Content/Player/Walk/T_Character_Walk_4.uexp" 791
"C:/Users/rober/Documents/GitHub/Chill-Jam/Content/Player/Walk/S_Character_Walk_4.uasset" 792
"C:/Users/rober/Documents/GitHub/Chill-Jam/Content/Player/Walk/S_Character_Walk_4.uexp" 793
"C:/Users/rober/Documents/GitHub/Chill-Jam/Content/Player/Walk/T_Character_Walk_5.ubulk" 794
"C:/Users/rober/Documents/GitHub/Chill-Jam/Content/Player/Walk/T_Character_Walk_5.uasset" 795
"C:/Users/rober/Documents/GitHub/Chill-Jam/Content/Player/Walk/T_Character_Walk_5.uexp" 796
"C:/Users/rober/Documents/GitHub/Chill-Jam/Content/Player/Walk/S_Character_Walk_5.uasset" 797
"C:/Users/rober/Documents/GitHub/Chill-Jam/Content/Player/Walk/S_Character_Walk_5.uexp" 798
"C:/Users/rober/Documents/GitHub/Chill-Jam/Content/Player/Walk/T_Character_Walk_6.ubulk" 799
"C:/Users/rober/Documents/GitHub/Chill-Jam/Content/Player/Walk/T_Character_Walk_6.uasset" 800
"C:/Users/rober/Documents/GitHub/Chill-Jam/Content/Player/Walk/T_Character_Walk_6.uexp" 801
"C:/Users/rober/Documents/GitHub/Chill-Jam/Content/Player/Walk/S_Character_Walk_6.uasset" 802
"C:/Users/rober/Documents/GitHub/Chill-Jam/Content/Player/Walk/S_Character_Walk_6.uexp" 803
"C:/Users/rober/Documents/GitHub/Chill-Jam/Content/Player/Walk/T_Character_Walk_7.ubulk" 804
"C:/Users/rober/Documents/GitHub/Chill-Jam/Content/Player/Walk/T_Character_Walk_7.uasset" 805
"C:/Users/rober/Documents/GitHub/Chill-Jam/Content/Player/Walk/T_Character_Walk_7.uexp" 806
"C:/Users/rober/Documents/GitHub/Chill-Jam/Content/Player/Walk/S_Character_Walk_7.uasset" 807
"C:/Users/rober/Documents/GitHub/Chill-Jam/Content/Player/Walk/S_Character_Walk_7.uexp" 808
"C:/Users/rober/Documents/GitHub/Chill-Jam/Content/Player/Walk/T_Character_Walk_8.ubulk" 809
"C:/Users/rober/Documents/GitHub/Chill-Jam/Content/Player/Walk/T_Character_Walk_8.uasset" 810
"C:/Users/rober/Documents/GitHub/Chill-Jam/Content/Player/Walk/T_Character_Walk_8.uexp" 811
"C:/Users/rober/Documents/GitHub/Chill-Jam/Content/Player/Walk/S_Character_Walk_8.uasset" 812
"C:/Users/rober/Documents/GitHub/Chill-Jam/Content/Player/Walk/S_Character_Walk_8.uexp" 813
"C:/Users/rober/Documents/GitHub/Chill-Jam/Content/Player/Walk/T_Character_Walk_9.ubulk" 814
"C:/Users/rober/Documents/GitHub/Chill-Jam/Content/Player/Walk/T_Character_Walk_9.uasset" 815
"C:/Users/rober/Documents/GitHub/Chill-Jam/Content/Player/Walk/T_Character_Walk_9.uexp" 816
"C:/Users/rober/Documents/GitHub/Chill-Jam/Content/Player/Walk/S_Character_Walk_9.uasset" 817
"C:/Users/rober/Documents/GitHub/Chill-Jam/Content/Player/Walk/S_Character_Walk_9.uexp" 818
"C:/Users/rober/Documents/GitHub/Chill-Jam/Content/Player/Walk/FB_Character_Walk.uasset" 819
"C:/Users/rober/Documents/GitHub/Chill-Jam/Content/Player/Walk/FB_Character_Walk.uexp" 820
"C:/Users/rober/Documents/GitHub/Chill-Jam/Content/Player/Slide/T_Character_Slide_0.ubulk" 821
"C:/Users/rober/Documents/GitHub/Chill-Jam/Content/Player/Slide/T_Character_Slide_0.uasset" 822
"C:/Users/rober/Documents/GitHub/Chill-Jam/Content/Player/Slide/T_Character_Slide_0.uexp" 823
"C:/Users/rober/Documents/GitHub/Chill-Jam/Content/Player/Slide/S_Character_Slide_0.uasset" 824
"C:/Users/rober/Documents/GitHub/Chill-Jam/Content/Player/Slide/S_Character_Slide_0.uexp" 825
"C:/Users/rober/Documents/GitHub/Chill-Jam/Content/Player/Slide/FB_Character_Slide.uasset" 826
"C:/Users/rober/Documents/GitHub/Chill-Jam/Content/Player/Slide/FB_Character_Slide.uexp" 827
"C:/Users/rober/Documents/GitHub/Chill-Jam/Content/Player/Jump/T_Character_Jump_0.ubulk" 828
"C:/Users/rober/Documents/GitHub/Chill-Jam/Content/Player/Jump/T_Character_Jump_0.uasset" 829
"C:/Users/rober/Documents/GitHub/Chill-Jam/Content/Player/Jump/T_Character_Jump_0.uexp" 830
"C:/Users/rober/Documents/GitHub/Chill-Jam/Content/Player/Jump/S_Character_Jump_0.uasset" 831
"C:/Users/rober/Documents/GitHub/Chill-Jam/Content/Player/Jump/S_Character_Jump_0.uexp" 832
"C:/Users/rober/Documents/GitHub/Chill-Jam/Content/Player/Jump/T_Character_Jump_1.ubulk" 833
"C:/Users/rober/Documents/GitHub/Chill-Jam/Content/Player/Jump/T_Character_Jump_1.uasset" 834
"C:/Users/rober/Documents/GitHub/Chill-Jam/Content/Player/Jump/T_Character_Jump_1.uexp" 835
"C:/Users/rober/Documents/GitHub/Chill-Jam/Content/Player/Jump/S_Character_Jump_1.uasset" 836
"C:/Users/rober/Documents/GitHub/Chill-Jam/Content/Player/Jump/S_Character_Jump_1.uexp" 837
"C:/Users/rober/Documents/GitHub/Chill-Jam/Content/Player/Jump/T_Character_Jump_2.ubulk" 838
"C:/Users/rober/Documents/GitHub/Chill-Jam/Content/Player/Jump/T_Character_Jump_2.uasset" 839
"C:/Users/rober/Documents/GitHub/Chill-Jam/Content/Player/Jump/T_Character_Jump_2.uexp" 840
"C:/Users/rober/Documents/GitHub/Chill-Jam/Content/Player/Jump/S_Character_Jump_2.uasset" 841
"C:/Users/rober/Documents/GitHub/Chill-Jam/Content/Player/Jump/S_Character_Jump_2.uexp" 842
"C:/Users/rober/Documents/GitHub/Chill-Jam/Content/Player/Jump/FB_Character_Jump.uasset" 843
"C:/Users/rober/Documents/GitHub/Chill-Jam/Content/Player/Jump/FB_Character_Jump.uexp" 844
"C:/Users/rober/Documents/GitHub/Chill-Jam/Content/Player/Idle/FB_Character_Idle.uasset" 845
"C:/Users/rober/Documents/GitHub/Chill-Jam/Content/Player/Idle/FB_Character_Idle.uexp" 846
"C:/Users/rober/Documents/GitHub/Chill-Jam/Content/Player/FallUp/T_Character_FallUp_0.uasset" 847
"C:/Users/rober/Documents/GitHub/Chill-Jam/Content/Player/FallUp/T_Character_FallUp_0.uexp" 848
"C:/Users/rober/Documents/GitHub/Chill-Jam/Content/Player/FallUp/S_Character_FallUp_0.uasset" 849
"C:/Users/rober/Documents/GitHub/Chill-Jam/Content/Player/FallUp/S_Character_FallUp_0.uexp" 850
"C:/Users/rober/Documents/GitHub/Chill-Jam/Content/Player/FallUp/FB_Character_FallUp.uasset" 851
"C:/Users/rober/Documents/GitHub/Chill-Jam/Content/Player/FallUp/FB_Character_FallUp.uexp" 852
"C:/Users/rober/Documents/GitHub/Chill-Jam/Content/Player/FallDown/T_Character_FallDown_0.uasset" 853
"C:/Users/rober/Documents/GitHub/Chill-Jam/Content/Player/FallDown/T_Character_FallDown_0.uexp" 854
"C:/Users/rober/Documents/GitHub/Chill-Jam/Content/Player/FallDown/S_Character_FallDown_0.uasset" 855
"C:/Users/rober/Documents/GitHub/Chill-Jam/Content/Player/FallDown/S_Character_FallDown_0.uexp" 856
"C:/Users/rober/Documents/GitHub/Chill-Jam/Content/Player/FallDown/FB_Character_FallDown.uasset" 857
"C:/Users/rober/Documents/GitHub/Chill-Jam/Content/Player/FallDown/FB_Character_FallDown.uexp" 858
"C:/Users/rober/Documents/GitHub/Chill-Jam/Content/Player/BP_ChillCharacter.uasset" 859
"C:/Users/rober/Documents/GitHub/Chill-Jam/Content/Player/BP_ChillCharacter.uexp" 860
"../../../Engine/Content/Tutorial/Mobile/TutorialAssets/android_Icon.uasset" 861
"../../../Engine/Content/Tutorial/Mobile/TutorialAssets/android_Icon.uexp" 862
"../../../Engine/Content/EngineResources/AICON-Red.uasset" 863
"../../../Engine/Content/EngineResources/AICON-Red.uexp" 864
"C:/Users/rober/Documents/GitHub/Chill-Jam/Content/Blueprints/Widgets/WBP_LevelComplete.uasset" 865
"C:/Users/rober/Documents/GitHub/Chill-Jam/Content/Blueprints/Widgets/WBP_LevelComplete.uexp" 866
"C:/Users/rober/Documents/GitHub/Chill-Jam/Content/Blueprints/Gamemodes_and_Controller/BP_ChillGamemode.uasset" 867
"C:/Users/rober/Documents/GitHub/Chill-Jam/Content/Blueprints/Gamemodes_and_Controller/BP_ChillGamemode.uexp" 868
"C:/Users/rober/Documents/GitHub/Chill-Jam/Content/Blueprints/Widgets/WBP_LevelIcon.uasset" 869
"C:/Users/rober/Documents/GitHub/Chill-Jam/Content/Blueprints/Widgets/WBP_LevelIcon.uexp" 870
"C:/Users/rober/Documents/GitHub/Chill-Jam/Content/Blueprints/Widgets/WBP_LevelSelect.uasset" 871
"C:/Users/rober/Documents/GitHub/Chill-Jam/Content/Blueprints/Widgets/WBP_LevelSelect.uexp" 872
"C:/Users/rober/Documents/GitHub/Chill-Jam/Content/Blueprints/Widgets/WBP_Settings.uasset" 873
"C:/Users/rober/Documents/GitHub/Chill-Jam/Content/Blueprints/Widgets/WBP_Settings.uexp" 874
"C:/Users/rober/Documents/GitHub/Chill-Jam/Content/Blueprints/Widgets/WBP_Pause.uasset" 875
"C:/Users/rober/Documents/GitHub/Chill-Jam/Content/Blueprints/Widgets/WBP_Pause.uexp" 876
"C:/Users/rober/Documents/GitHub/Chill-Jam/Content/Blueprints/Gamemodes_and_Controller/BP_ChillController.uasset" 877
"C:/Users/rober/Documents/GitHub/Chill-Jam/Content/Blueprints/Gamemodes_and_Controller/BP_ChillController.uexp" 878
"C:/Users/rober/Documents/GitHub/Chill-Jam/Content/Libraries/BFL_ChillShortcuts.uasset" 879
"C:/Users/rober/Documents/GitHub/Chill-Jam/Content/Libraries/BFL_ChillShortcuts.uexp" 880
"C:/Users/rober/Documents/GitHub/Chill-Jam/Content/Blueprints/Widgets/WBP_MainMenu.uasset" 881
"C:/Users/rober/Documents/GitHub/Chill-Jam/Content/Blueprints/Widgets/WBP_MainMenu.uexp" 882
"C:/Users/rober/Documents/GitHub/Chill-Jam/Content/L_MainMenu.uexp" 883
"C:/Users/rober/Documents/GitHub/Chill-Jam/Content/L_MainMenu.umap" 884
"../../../Engine/Content/BasicShapes/Plane.ubulk" 885
"../../../Engine/Content/BasicShapes/Plane.uasset" 886
"../../../Engine/Content/BasicShapes/Plane.uexp" 887
"C:/Users/rober/Documents/GitHub/Chill-Jam/Content/Decorations/M_Transparent.uasset" 888
"C:/Users/rober/Documents/GitHub/Chill-Jam/Content/Decorations/M_Transparent.uexp" 889
"C:/Users/rober/Documents/GitHub/Chill-Jam/Content/Platforms/T_Normal_Unfrozen.ubulk" 890
"C:/Users/rober/Documents/GitHub/Chill-Jam/Content/Platforms/T_Normal_Unfrozen.uasset" 891
"C:/Users/rober/Documents/GitHub/Chill-Jam/Content/Platforms/T_Normal_Unfrozen.uexp" 892
"C:/Users/rober/Documents/GitHub/Chill-Jam/Content/Platforms/T_Normal_Frozen.uasset" 893
"C:/Users/rober/Documents/GitHub/Chill-Jam/Content/Platforms/T_Normal_Frozen.uexp" 894
"C:/Users/rober/Documents/GitHub/Chill-Jam/Content/Platforms/BaseClass/M_Platform.uasset" 895
"C:/Users/rober/Documents/GitHub/Chill-Jam/Content/Platforms/BaseClass/M_Platform.uexp" 896
"C:/Users/rober/Documents/GitHub/Chill-Jam/Content/Platforms/MI_Normal.uasset" 897
"C:/Users/rober/Documents/GitHub/Chill-Jam/Content/Platforms/MI_Normal.uexp" 898
"C:/Users/rober/Documents/GitHub/Chill-Jam/Content/L_Lvl1_BuiltData.uasset" 899
"C:/Users/rober/Documents/GitHub/Chill-Jam/Content/L_Lvl1_BuiltData.uexp" 900
"C:/Users/rober/Documents/GitHub/Chill-Jam/Content/Platforms/BaseClass/SM_Platform.ubulk" 901
"C:/Users/rober/Documents/GitHub/Chill-Jam/Content/Platforms/BaseClass/SM_Platform.uasset" 902
"C:/Users/rober/Documents/GitHub/Chill-Jam/Content/Platforms/BaseClass/SM_Platform.uexp" 903
"C:/Users/rober/Documents/GitHub/Chill-Jam/Content/Platforms/BaseClass/BP_BasePlatform.uasset" 904
"C:/Users/rober/Documents/GitHub/Chill-Jam/Content/Platforms/BaseClass/BP_BasePlatform.uexp" 905
"C:/Users/rober/Documents/GitHub/Chill-Jam/Content/Platforms/BP_Normal.uasset" 906
"C:/Users/rober/Documents/GitHub/Chill-Jam/Content/Platforms/BP_Normal.uexp" 907
"C:/Users/rober/Documents/GitHub/Chill-Jam/Content/Sound/W_CampfireMusic.ubulk" 908
"C:/Users/rober/Documents/GitHub/Chill-Jam/Content/Sound/W_CampfireMusic.uasset" 909
"C:/Users/rober/Documents/GitHub/Chill-Jam/Content/Sound/W_CampfireMusic.uexp" 910
"C:/Users/rober/Documents/GitHub/Chill-Jam/Content/Decorations/T_Campfire_frame_6.uasset" 911
"C:/Users/rober/Documents/GitHub/Chill-Jam/Content/Decorations/T_Campfire_frame_6.uexp" 912
"C:/Users/rober/Documents/GitHub/Chill-Jam/Content/Decorations/T_Campfire_frame_6_Sprite.uasset" 913
"C:/Users/rober/Documents/GitHub/Chill-Jam/Content/Decorations/T_Campfire_frame_6_Sprite.uexp" 914
"C:/Users/rober/Documents/GitHub/Chill-Jam/Content/Decorations/T_Campfire_frame_5.uasset" 915
"C:/Users/rober/Documents/GitHub/Chill-Jam/Content/Decorations/T_Campfire_frame_5.uexp" 916
"C:/Users/rober/Documents/GitHub/Chill-Jam/Content/Decorations/T_Campfire_frame_5_Sprite.uasset" 917
"C:/Users/rober/Documents/GitHub/Chill-Jam/Content/Decorations/T_Campfire_frame_5_Sprite.uexp" 918
"C:/Users/rober/Documents/GitHub/Chill-Jam/Content/Decorations/T_Campfire_frame_4.uasset" 919
"C:/Users/rober/Documents/GitHub/Chill-Jam/Content/Decorations/T_Campfire_frame_4.uexp" 920
"C:/Users/rober/Documents/GitHub/Chill-Jam/Content/Decorations/T_Campfire_frame_4_Sprite.uasset" 921
"C:/Users/rober/Documents/GitHub/Chill-Jam/Content/Decorations/T_Campfire_frame_4_Sprite.uexp" 922
"C:/Users/rober/Documents/GitHub/Chill-Jam/Content/Decorations/T_Campfire_frame_3.uasset" 923
"C:/Users/rober/Documents/GitHub/Chill-Jam/Content/Decorations/T_Campfire_frame_3.uexp" 924
"C:/Users/rober/Documents/GitHub/Chill-Jam/Content/Decorations/T_Campfire_frame_3_Sprite.uasset" 925
"C:/Users/rober/Documents/GitHub/Chill-Jam/Content/Decorations/T_Campfire_frame_3_Sprite.uexp" 926
"C:/Users/rober/Documents/GitHub/Chill-Jam/Content/Decorations/T_2_Campfire_frame_2.uasset" 927
"C:/Users/rober/Documents/GitHub/Chill-Jam/Content/Decorations/T_2_Campfire_frame_2.uexp" 928
"C:/Users/rober/Documents/GitHub/Chill-Jam/Content/Decorations/T_Campfire_frame_2_Sprite.uasset" 929
"C:/Users/rober/Documents/GitHub/Chill-Jam/Content/Decorations/T_Campfire_frame_2_Sprite.uexp" 930
"C:/Users/rober/Documents/GitHub/Chill-Jam/Content/Decorations/T_Campfire_frame_1.uasset" 931
"C:/Users/rober/Documents/GitHub/Chill-Jam/Content/Decorations/T_Campfire_frame_1.uexp" 932
"C:/Users/rober/Documents/GitHub/Chill-Jam/Content/Decorations/T_Campfire_frame_1_Sprite.uasset" 933
"C:/Users/rober/Documents/GitHub/Chill-Jam/Content/Decorations/T_Campfire_frame_1_Sprite.uexp" 934
"C:/Users/rober/Documents/GitHub/Chill-Jam/Content/Decorations/T_Campfire_frame.uasset" 935
"C:/Users/rober/Documents/GitHub/Chill-Jam/Content/Decorations/T_Campfire_frame.uexp" 936
"C:/Users/rober/Documents/GitHub/Chill-Jam/Content/Blueprints/BP_Campfire.uasset" 937
"C:/Users/rober/Documents/GitHub/Chill-Jam/Content/Blueprints/BP_Campfire.uexp" 938
"C:/Users/rober/Documents/GitHub/Chill-Jam/Content/Decorations/BackgroundTileable1.ubulk" 939
"C:/Users/rober/Documents/GitHub/Chill-Jam/Content/Decorations/BackgroundTileable1.uasset" 940
"C:/Users/rober/Documents/GitHub/Chill-Jam/Content/Decorations/BackgroundTileable1.uexp" 941
"C:/Users/rober/Documents/GitHub/Chill-Jam/Content/Decorations/BackgroundTileable1_Sprite.uasset" 942
"C:/Users/rober/Documents/GitHub/Chill-Jam/Content/Decorations/BackgroundTileable1_Sprite.uexp" 943
"C:/Users/rober/Documents/GitHub/Chill-Jam/Content/Decorations/BP_Background.uasset" 944
"C:/Users/rober/Documents/GitHub/Chill-Jam/Content/Decorations/BP_Background.uexp" 945
"../../../Engine/Content/Functions/Engine_MaterialFunctions01/Density/ExponentialDensity.uasset" 946
"../../../Engine/Content/Functions/Engine_MaterialFunctions01/Density/ExponentialDensity.uexp" 947
"../../../Engine/Content/Functions/Engine_MaterialFunctions01/Gradient/RadialGradientExponential.uasset" 948
"../../../Engine/Content/Functions/Engine_MaterialFunctions01/Gradient/RadialGradientExponential.uexp" 949
"C:/Users/rober/Documents/GitHub/Chill-Jam/Content/Player/M_ChillVolume.uasset" 950
"C:/Users/rober/Documents/GitHub/Chill-Jam/Content/Player/M_ChillVolume.uexp" 951
"C:/Users/rober/Documents/GitHub/Chill-Jam/Content/Player/MI_ChillVolume.uasset" 952
"C:/Users/rober/Documents/GitHub/Chill-Jam/Content/Player/MI_ChillVolume.uexp" 953
"C:/Users/rober/Documents/GitHub/Chill-Jam/Content/Player/ChillVolume.ubulk" 954
"C:/Users/rober/Documents/GitHub/Chill-Jam/Content/Player/ChillVolume.uasset" 955
"C:/Users/rober/Documents/GitHub/Chill-Jam/Content/Player/ChillVolume.uexp" 956
"C:/Users/rober/Documents/GitHub/Chill-Jam/Content/Player/ChillSphere/T_ChillSphere_9.ubulk" 957
"C:/Users/rober/Documents/GitHub/Chill-Jam/Content/Player/ChillSphere/T_ChillSphere_9.uasset" 958
"C:/Users/rober/Documents/GitHub/Chill-Jam/Content/Player/ChillSphere/T_ChillSphere_9.uexp" 959
"C:/Users/rober/Documents/GitHub/Chill-Jam/Content/Player/ChillSphere/T_ChillSphere_9_Sprite.uasset" 960
"C:/Users/rober/Documents/GitHub/Chill-Jam/Content/Player/ChillSphere/T_ChillSphere_9_Sprite.uexp" 961
"C:/Users/rober/Documents/GitHub/Chill-Jam/Content/Player/ChillSphere/T_ChillSphere_8.ubulk" 962
"C:/Users/rober/Documents/GitHub/Chill-Jam/Content/Player/ChillSphere/T_ChillSphere_8.uasset" 963
"C:/Users/rober/Documents/GitHub/Chill-Jam/Content/Player/ChillSphere/T_ChillSphere_8.uexp" 964
"C:/Users/rober/Documents/GitHub/Chill-Jam/Content/Player/ChillSphere/T_ChillSphere_8_Sprite.uasset" 965
"C:/Users/rober/Documents/GitHub/Chill-Jam/Content/Player/ChillSphere/T_ChillSphere_8_Sprite.uexp" 966
"C:/Users/rober/Documents/GitHub/Chill-Jam/Content/Player/ChillSphere/T_ChillSphere_7.ubulk" 967
"C:/Users/rober/Documents/GitHub/Chill-Jam/Content/Player/ChillSphere/T_ChillSphere_7.uasset" 968
"C:/Users/rober/Documents/GitHub/Chill-Jam/Content/Player/ChillSphere/T_ChillSphere_7.uexp" 969
"C:/Users/rober/Documents/GitHub/Chill-Jam/Content/Player/ChillSphere/T_ChillSphere_7_Sprite.uasset" 970
"C:/Users/rober/Documents/GitHub/Chill-Jam/Content/Player/ChillSphere/T_ChillSphere_7_Sprite.uexp" 971
"C:/Users/rober/Documents/GitHub/Chill-Jam/Content/Player/ChillSphere/T_ChillSphere_6.ubulk" 972
"C:/Users/rober/Documents/GitHub/Chill-Jam/Content/Player/ChillSphere/T_ChillSphere_6.uasset" 973
"C:/Users/rober/Documents/GitHub/Chill-Jam/Content/Player/ChillSphere/T_ChillSphere_6.uexp" 974
"C:/Users/rober/Documents/GitHub/Chill-Jam/Content/Player/ChillSphere/T_ChillSphere_6_Sprite.uasset" 975
"C:/Users/rober/Documents/GitHub/Chill-Jam/Content/Player/ChillSphere/T_ChillSphere_6_Sprite.uexp" 976
"C:/Users/rober/Documents/GitHub/Chill-Jam/Content/Player/ChillSphere/T_ChillSphere_5.ubulk" 977
"C:/Users/rober/Documents/GitHub/Chill-Jam/Content/Player/ChillSphere/T_ChillSphere_5.uasset" 978
"C:/Users/rober/Documents/GitHub/Chill-Jam/Content/Player/ChillSphere/T_ChillSphere_5.uexp" 979
"C:/Users/rober/Documents/GitHub/Chill-Jam/Content/Player/ChillSphere/T_ChillSphere_5_Sprite.uasset" 980
"C:/Users/rober/Documents/GitHub/Chill-Jam/Content/Player/ChillSphere/T_ChillSphere_5_Sprite.uexp" 981
"C:/Users/rober/Documents/GitHub/Chill-Jam/Content/Player/ChillSphere/T_ChillSphere_4.ubulk" 982
"C:/Users/rober/Documents/GitHub/Chill-Jam/Content/Player/ChillSphere/T_ChillSphere_4.uasset" 983
"C:/Users/rober/Documents/GitHub/Chill-Jam/Content/Player/ChillSphere/T_ChillSphere_4.uexp" 984
"C:/Users/rober/Documents/GitHub/Chill-Jam/Content/Player/ChillSphere/T_ChillSphere_4_Sprite.uasset" 985
"C:/Users/rober/Documents/GitHub/Chill-Jam/Content/Player/ChillSphere/T_ChillSphere_4_Sprite.uexp" 986
"C:/Users/rober/Documents/GitHub/Chill-Jam/Content/Player/ChillSphere/T_ChillSphere_3.ubulk" 987
"C:/Users/rober/Documents/GitHub/Chill-Jam/Content/Player/ChillSphere/T_ChillSphere_3.uasset" 988
"C:/Users/rober/Documents/GitHub/Chill-Jam/Content/Player/ChillSphere/T_ChillSphere_3.uexp" 989
"C:/Users/rober/Documents/GitHub/Chill-Jam/Content/Player/ChillSphere/T_ChillSphere_3_Sprite.uasset" 990
"C:/Users/rober/Documents/GitHub/Chill-Jam/Content/Player/ChillSphere/T_ChillSphere_3_Sprite.uexp" 991
"C:/Users/rober/Documents/GitHub/Chill-Jam/Content/Player/ChillSphere/T_ChillSphere_2.ubulk" 992
"C:/Users/rober/Documents/GitHub/Chill-Jam/Content/Player/ChillSphere/T_ChillSphere_2.uasset" 993
"C:/Users/rober/Documents/GitHub/Chill-Jam/Content/Player/ChillSphere/T_ChillSphere_2.uexp" 994
"C:/Users/rober/Documents/GitHub/Chill-Jam/Content/Player/ChillSphere/T_ChillSphere_2_Sprite.uasset" 995
"C:/Users/rober/Documents/GitHub/Chill-Jam/Content/Player/ChillSphere/T_ChillSphere_2_Sprite.uexp" 996
"C:/Users/rober/Documents/GitHub/Chill-Jam/Content/Player/ChillSphere/T_ChillSphere_1.ubulk" 997
"C:/Users/rober/Documents/GitHub/Chill-Jam/Content/Player/ChillSphere/T_ChillSphere_1.uasset" 998
"C:/Users/rober/Documents/GitHub/Chill-Jam/Content/Player/ChillSphere/T_ChillSphere_1.uexp" 999
"C:/Users/rober/Documents/GitHub/Chill-Jam/Content/Player/ChillSphere/T_ChillSphere_1_Sprite.uasset" 1000
"C:/Users/rober/Documents/GitHub/Chill-Jam/Content/Player/ChillSphere/T_ChillSphere_1_Sprite.uexp" 1001
"C:/Users/rober/Documents/GitHub/Chill-Jam/Content/Player/ChillSphere/T_ChillSphere_10.ubulk" 1002
"C:/Users/rober/Documents/GitHub/Chill-Jam/Content/Player/ChillSphere/T_ChillSphere_10.uasset" 1003
"C:/Users/rober/Documents/GitHub/Chill-Jam/Content/Player/ChillSphere/T_ChillSphere_10.uexp" 1004
"C:/Users/rober/Documents/GitHub/Chill-Jam/Content/Player/ChillSphere/T_ChillSphere_10_Sprite.uasset" 1005
"C:/Users/rober/Documents/GitHub/Chill-Jam/Content/Player/ChillSphere/T_ChillSphere_10_Sprite.uexp" 1006
"C:/Users/rober/Documents/GitHub/Chill-Jam/Content/Player/ChillSphere/T_ChillSphere_0.ubulk" 1007
"C:/Users/rober/Documents/GitHub/Chill-Jam/Content/Player/ChillSphere/T_ChillSphere_0.uasset" 1008
"C:/Users/rober/Documents/GitHub/Chill-Jam/Content/Player/ChillSphere/T_ChillSphere_0.uexp" 1009
"C:/Users/rober/Documents/GitHub/Chill-Jam/Content/Player/ChillSphere/S_ChillSphere_0.uasset" 1010
"C:/Users/rober/Documents/GitHub/Chill-Jam/Content/Player/ChillSphere/S_ChillSphere_0.uexp" 1011
"C:/Users/rober/Documents/GitHub/Chill-Jam/Content/Player/ChillSphere/T_ChillSphere.uasset" 1012
"C:/Users/rober/Documents/GitHub/Chill-Jam/Content/Player/ChillSphere/T_ChillSphere.uexp" 1013
"C:/Users/rober/Documents/GitHub/Chill-Jam/Content/Player/ChillPlane.ubulk" 1014
"C:/Users/rober/Documents/GitHub/Chill-Jam/Content/Player/ChillPlane.uasset" 1015
"C:/Users/rober/Documents/GitHub/Chill-Jam/Content/Player/ChillPlane.uexp" 1016
"C:/Users/rober/Documents/GitHub/Chill-Jam/Content/Player/BP_ChillSphere.uasset" 1017
"C:/Users/rober/Documents/GitHub/Chill-Jam/Content/Player/BP_ChillSphere.uexp" 1018
"C:/Users/rober/Documents/GitHub/Chill-Jam/Content/L_Lvl1.uexp" 1019
"C:/Users/rober/Documents/GitHub/Chill-Jam/Content/L_Lvl1.umap" 1020
"../../../Engine/Content/EngineSky/T_Sky_Stars.ubulk" 1021
"../../../Engine/Content/EngineSky/T_Sky_Stars.uasset" 1022
"../../../Engine/Content/EngineSky/T_Sky_Stars.uexp" 1023
"../../../Engine/Content/EngineSky/T_Sky_Clouds_M.ubulk" 1024
"../../../Engine/Content/EngineSky/T_Sky_Clouds_M.uasset" 1025
"../../../Engine/Content/EngineSky/T_Sky_Clouds_M.uexp" 1026
"../../../Engine/Content/EngineSky/T_Sky_Blue.ubulk" 1027
"../../../Engine/Content/EngineSky/T_Sky_Blue.uasset" 1028
"../../../Engine/Content/EngineSky/T_Sky_Blue.uexp" 1029
"../../../Engine/Content/EngineSky/M_Sky_Panning_Clouds2.uasset" 1030
"../../../Engine/Content/EngineSky/M_Sky_Panning_Clouds2.uexp" 1031
"../../../Engine/Content/EngineSky/SM_SkySphere.ubulk" 1032
"../../../Engine/Content/EngineSky/SM_SkySphere.uasset" 1033
"../../../Engine/Content/EngineSky/SM_SkySphere.uexp" 1034
"C:/Users/rober/Documents/GitHub/Chill-Jam/Content/Platforms/T_Water_Unfrozen.ubulk" 1035
"C:/Users/rober/Documents/GitHub/Chill-Jam/Content/Platforms/T_Water_Unfrozen.uasset" 1036
"C:/Users/rober/Documents/GitHub/Chill-Jam/Content/Platforms/T_Water_Unfrozen.uexp" 1037
"C:/Users/rober/Documents/GitHub/Chill-Jam/Content/Platforms/T_Water_Frozen.ubulk" 1038
"C:/Users/rober/Documents/GitHub/Chill-Jam/Content/Platforms/T_Water_Frozen.uasset" 1039
"C:/Users/rober/Documents/GitHub/Chill-Jam/Content/Platforms/T_Water_Frozen.uexp" 1040
"C:/Users/rober/Documents/GitHub/Chill-Jam/Content/Platforms/MI_Water.uasset" 1041
"C:/Users/rober/Documents/GitHub/Chill-Jam/Content/Platforms/MI_Water.uexp" 1042
"../../../Engine/Content/EngineSky/M_SimpleSkyDome.uasset" 1043
"../../../Engine/Content/EngineSky/M_SimpleSkyDome.uexp" 1044
"C:/Users/rober/Documents/GitHub/Chill-Jam/Content/Platforms/BP_Water.uasset" 1045
"C:/Users/rober/Documents/GitHub/Chill-Jam/Content/Platforms/BP_Water.uexp" 1046
"C:/Users/rober/Documents/GitHub/Chill-Jam/Content/L_Lvl2.uexp" 1047
"C:/Users/rober/Documents/GitHub/Chill-Jam/Content/L_Lvl2.umap" 1048
"C:/Users/rober/Documents/GitHub/Chill-Jam/Content/L_Lvl3.uexp" 1049
"C:/Users/rober/Documents/GitHub/Chill-Jam/Content/L_Lvl3.umap" 1050
"C:/Users/rober/Documents/GitHub/Chill-Jam/Content/L_Lvl4.uexp" 1051
"C:/Users/rober/Documents/GitHub/Chill-Jam/Content/L_Lvl4.umap" 1052
"C:/Users/rober/Documents/GitHub/Chill-Jam/Content/L_Lvl5.uexp" 1053
"C:/Users/rober/Documents/GitHub/Chill-Jam/Content/L_Lvl5.umap" 1054
